============================= test session starts =============================
platform win32 -- Python 3.13.12, pytest-8.3.4, pluggy-1.5.0 -- C:\Python313\python.exe
cachedir: .pytest_cache
hypothesis profile 'default'
rootdir: C:\Users\zeyxm\Desktop\asdfasdfa\CYNIC-clean
configfile: pyproject.toml
plugins: anyio-4.12.1, Faker-33.3.0, hypothesis-6.151.9, asyncio-1.3.0, base-url-2.1.0, playwright-0.6.2, timeout-2.4.0
asyncio: mode=Mode.AUTO, debug=False, asyncio_default_fixture_loop_scope=function, asyncio_default_test_loop_scope=function
collecting ... collected 1163 items / 36 deselected / 1 skipped / 1127 selected

tests/adapters/test_discord_adapter.py::TestDiscordAdapterImplementsInterface::test_discord_adapter_is_bot_interface PASSED [  0%]
tests/adapters/test_discord_adapter.py::TestDiscordAdapterImplementsInterface::test_discord_adapter_has_required_methods PASSED [  0%]
tests/adapters/test_discord_adapter.py::TestDiscordAdapterImplementsInterface::test_discord_adapter_can_be_instantiated PASSED [  0%]
tests/adapters/test_discord_adapter.py::TestDiscordAdapterImplementsInterface::test_discord_adapter_stores_client_reference PASSED [  0%]
tests/adapters/test_discord_adapter.py::TestDiscordAdapterImplementsInterface::test_discord_adapter_stores_conscious_state_reference PASSED [  0%]
tests/adapters/test_discord_adapter.py::TestDiscordAdapterLifecycle::test_adapter_start_method_exists PASSED [  0%]
tests/adapters/test_discord_adapter.py::TestDiscordAdapterLifecycle::test_adapter_stop_method_exists PASSED [  0%]
tests/adapters/test_discord_adapter.py::TestDiscordAdapterLifecycle::test_adapter_start_can_be_awaited PASSED [  0%]
tests/adapters/test_discord_adapter.py::TestDiscordAdapterLifecycle::test_adapter_stop_can_be_awaited PASSED [  0%]
tests/adapters/test_discord_adapter.py::TestDiscordAdapterHandleCommand::test_handle_command_returns_bot_response PASSED [  0%]
tests/adapters/test_discord_adapter.py::TestDiscordAdapterHandleCommand::test_handle_unknown_command_returns_failure PASSED [  0%]
tests/adapters/test_discord_adapter.py::TestDiscordAdapterHandleCommand::test_handle_command_invalid_raises_or_returns_failure PASSED [  1%]
tests/adapters/test_discord_adapter.py::TestDiscordAdapterProposeCommand::test_propose_command_creates_response PASSED [  1%]
tests/adapters/test_discord_adapter.py::TestDiscordAdapterProposeCommand::test_propose_requires_title PASSED [  1%]
tests/adapters/test_discord_adapter.py::TestDiscordAdapterProposeCommand::test_propose_response_has_proposal_id PASSED [  1%]
tests/adapters/test_discord_adapter.py::TestDiscordAdapterProposalsCommand::test_proposals_command_returns_response PASSED [  1%]
tests/adapters/test_discord_adapter.py::TestDiscordAdapterProposalsCommand::test_proposals_response_has_list_data PASSED [  1%]
tests/adapters/test_discord_adapter.py::TestDiscordAdapterProposalsCommand::test_proposals_pagination_default_page_one PASSED [  1%]
tests/adapters/test_discord_adapter.py::TestDiscordAdapterVoteCommand::test_vote_command_returns_response PASSED [  1%]
tests/adapters/test_discord_adapter.py::TestDiscordAdapterVoteCommand::test_vote_requires_proposal_id PASSED [  1%]
tests/adapters/test_discord_adapter.py::TestDiscordAdapterVoteCommand::test_vote_requires_vote_value PASSED [  1%]
tests/adapters/test_discord_adapter.py::TestDiscordAdapterStatusCommand::test_status_command_returns_response PASSED [  1%]
tests/adapters/test_discord_adapter.py::TestDiscordAdapterStatusCommand::test_status_response_has_status_data PASSED [  2%]
tests/adapters/test_discord_adapter.py::TestDiscordAdapterErrorHandling::test_exception_in_command_handling_returns_failure PASSED [  2%]
tests/adapters/test_discord_adapter.py::TestDiscordAdapterErrorHandling::test_malformed_args_handled_gracefully PASSED [  2%]
tests/adapters/test_discord_adapter.py::TestDiscordAdapterResponseStructure::test_response_has_success_bool PASSED [  2%]
tests/adapters/test_discord_adapter.py::TestDiscordAdapterResponseStructure::test_response_has_message_string PASSED [  2%]
tests/adapters/test_discord_adapter.py::TestDiscordAdapterResponseStructure::test_response_has_data_dict PASSED [  2%]
tests/adapters/test_discord_adapter.py::TestDiscordAdapterResponseStructure::test_response_ephemeral_is_bool PASSED [  2%]
tests/adapters/test_discord_adapter.py::TestDiscordAdapterPlatformIntegration::test_command_platform_is_discord PASSED [  2%]
tests/adapters/test_discord_adapter.py::TestDiscordAdapterPlatformIntegration::test_adapter_rejects_non_discord_commands PASSED [  2%]
tests/adapters/test_discord_adapter.py::TestDiscordAdapterLogging::test_adapter_has_logger PASSED [  2%]
tests/adapters/test_discord_adapter.py::TestDiscordAdapterLogging::test_error_response_includes_error_field PASSED [  2%]
tests/adapters/test_discord_adapter.py::TestDiscordAdapterConcurrency::test_adapter_handles_concurrent_commands PASSED [  3%]
tests/adapters/test_telegram_adapter.py::TestTelegramAdapterImplementsInterface::test_telegram_adapter_is_bot_interface PASSED [  3%]
tests/adapters/test_telegram_adapter.py::TestTelegramAdapterImplementsInterface::test_telegram_adapter_has_required_methods PASSED [  3%]
tests/adapters/test_telegram_adapter.py::TestTelegramAdapterImplementsInterface::test_telegram_adapter_can_be_instantiated PASSED [  3%]
tests/adapters/test_telegram_adapter.py::TestTelegramAdapterImplementsInterface::test_telegram_adapter_stores_client_reference PASSED [  3%]
tests/adapters/test_telegram_adapter.py::TestTelegramAdapterImplementsInterface::test_telegram_adapter_stores_conscious_state_reference PASSED [  3%]
tests/adapters/test_telegram_adapter.py::TestTelegramAdapterLifecycle::test_adapter_start_method_exists PASSED [  3%]
tests/adapters/test_telegram_adapter.py::TestTelegramAdapterLifecycle::test_adapter_stop_method_exists PASSED [  3%]
tests/adapters/test_telegram_adapter.py::TestTelegramAdapterLifecycle::test_adapter_start_can_be_awaited PASSED [  3%]
tests/adapters/test_telegram_adapter.py::TestTelegramAdapterLifecycle::test_adapter_stop_can_be_awaited PASSED [  3%]
tests/adapters/test_telegram_adapter.py::TestTelegramAdapterHandleCommand::test_handle_command_returns_bot_response PASSED [  3%]
tests/adapters/test_telegram_adapter.py::TestTelegramAdapterHandleCommand::test_handle_unknown_command_returns_failure PASSED [  3%]
tests/adapters/test_telegram_adapter.py::TestTelegramAdapterHandleCommand::test_handle_command_validates_platform PASSED [  4%]
tests/adapters/test_telegram_adapter.py::TestTelegramAdapterMessageParsing::test_parse_telegram_message_extracts_command PASSED [  4%]
tests/adapters/test_telegram_adapter.py::TestTelegramAdapterMessageParsing::test_parse_telegram_message_extracts_arguments PASSED [  4%]
tests/adapters/test_telegram_adapter.py::TestTelegramAdapterMessageParsing::test_parse_telegram_message_handles_missing_slash PASSED [  4%]
tests/adapters/test_telegram_adapter.py::TestTelegramAdapterMessageParsing::test_parse_telegram_message_handles_various_commands PASSED [  4%]
tests/adapters/test_telegram_adapter.py::TestTelegramAdapterProposeCommand::test_propose_command_creates_response PASSED [  4%]
tests/adapters/test_telegram_adapter.py::TestTelegramAdapterProposeCommand::test_propose_requires_title PASSED [  4%]
tests/adapters/test_telegram_adapter.py::TestTelegramAdapterProposeCommand::test_propose_response_has_proposal_id PASSED [  4%]
tests/adapters/test_telegram_adapter.py::TestTelegramAdapterProposalsCommand::test_proposals_command_returns_response PASSED [  4%]
tests/adapters/test_telegram_adapter.py::TestTelegramAdapterProposalsCommand::test_proposals_response_has_list_data PASSED [  4%]
tests/adapters/test_telegram_adapter.py::TestTelegramAdapterProposalsCommand::test_proposals_pagination_default_page_one PASSED [  4%]
tests/adapters/test_telegram_adapter.py::TestTelegramAdapterVoteCommand::test_vote_command_returns_response PASSED [  5%]
tests/adapters/test_telegram_adapter.py::TestTelegramAdapterVoteCommand::test_vote_requires_proposal_id PASSED [  5%]
tests/adapters/test_telegram_adapter.py::TestTelegramAdapterVoteCommand::test_vote_requires_valid_vote_value PASSED [  5%]
tests/adapters/test_telegram_adapter.py::TestTelegramAdapterVoteCommand::test_vote_accepts_all_valid_options PASSED [  5%]
tests/adapters/test_telegram_adapter.py::TestTelegramAdapterJudgmentStatus::test_status_command_returns_response PASSED [  5%]
tests/adapters/test_telegram_adapter.py::TestTelegramAdapterJudgmentStatus::test_status_command_accesses_consciousness_state PASSED [  5%]
tests/adapters/test_telegram_adapter.py::TestTelegramAdapterMarkdownFormatting::test_format_response_for_telegram_uses_markdown PASSED [  5%]
tests/adapters/test_telegram_adapter.py::TestTelegramAdapterMarkdownFormatting::test_format_response_handles_long_messages PASSED [  5%]
tests/adapters/test_telegram_adapter.py::TestTelegramAdapterMarkdownFormatting::test_format_response_preserves_critical_info PASSED [  5%]
tests/adapters/test_telegram_adapter.py::TestTelegramAdapterMessagePagination::test_paginate_message_splits_long_text PASSED [  5%]
tests/adapters/test_telegram_adapter.py::TestTelegramAdapterMessagePagination::test_paginate_message_respects_max_length PASSED [  5%]
tests/adapters/test_telegram_adapter.py::TestTelegramAdapterMessagePagination::test_paginate_message_handles_short_text PASSED [  6%]
tests/adapters/test_telegram_adapter.py::TestTelegramAdapterErrorHandling::test_handle_command_catches_exceptions PASSED [  6%]
tests/adapters/test_telegram_adapter.py::TestTelegramAdapterErrorHandling::test_invalid_command_type_returns_failure PASSED [  6%]
tests/adapters/test_telegram_adapter.py::TestTelegramAdapterConcurrentMessages::test_handle_concurrent_commands PASSED [  6%]
tests/adapters/test_telegram_adapter.py::TestTelegramAdapterPaginationEdgeCases::test_paginate_message_handles_line_exceeding_max_length PASSED [  6%]
tests/adapters/test_telegram_adapter.py::TestTelegramAdapterPaginationEdgeCases::test_paginate_message_preserves_content_with_long_line PASSED [  6%]
tests/adapters/test_telegram_adapter.py::TestTelegramAdapterPaginationEdgeCases::test_paginate_message_handles_unicode_long_lines PASSED [  6%]
tests/adapters/test_telegram_adapter.py::TestTelegramAdapterPaginationEdgeCases::test_paginate_message_handles_code_blocks_with_long_lines PASSED [  6%]
tests/adapters/test_telegram_adapter.py::TestTelegramAdapterIntegration::test_full_propose_workflow PASSED [  6%]
tests/adapters/test_telegram_adapter.py::TestTelegramAdapterIntegration::test_start_stop_lifecycle PASSED [  6%]
tests/api/routers/test_consciousness_ecosystem.py::TestEcosystemEndpoints::test_get_ecosystem_state PASSED [  6%]
tests/api/routers/test_consciousness_ecosystem.py::TestEcosystemEndpoints::test_get_perception_sources PASSED [  7%]
tests/api/routers/test_consciousness_ecosystem.py::TestEcosystemEndpoints::test_get_decision_trace PASSED [  7%]
tests/api/routers/test_consciousness_ecosystem.py::TestEcosystemEndpoints::test_get_topology PASSED [  7%]
tests/api/routers/test_consciousness_ecosystem.py::TestEcosystemEndpoints::test_get_nervous_system PASSED [  7%]
tests/api/routers/test_consciousness_ecosystem.py::TestEcosystemEndpoints::test_get_self_awareness PASSED [  7%]
tests/api/routers/test_consciousness_ecosystem.py::TestEcosystemEndpoints::test_get_guardrails PASSED [  7%]
tests/api/routers/test_governance.py::TestGovernanceEndpoints::test_submit_proposal PASSED [  7%]
tests/api/routers/test_governance.py::TestGovernanceEndpoints::test_submit_proposal_missing_fields PASSED [  7%]
tests/api/routers/test_governance.py::TestGovernanceEndpoints::test_cast_vote PASSED [  7%]
tests/api/routers/test_governance.py::TestGovernanceEndpoints::test_cast_vote_invalid_choice PASSED [  7%]
tests/api/routers/test_governance.py::TestGovernanceEndpoints::test_get_verdict PASSED [  7%]
tests/api/routers/test_governance.py::TestGovernanceEndpoints::test_get_verdict_not_found PASSED [  7%]
tests/api/routers/test_governance.py::TestGovernanceEndpoints::test_record_outcome PASSED [  8%]
tests/api/routers/test_governance.py::TestGovernanceEndpoints::test_record_outcome_invalid_choice PASSED [  8%]
tests/api/routers/test_governance.py::TestGovernanceEndpoints::test_governance_status PASSED [  8%]
tests/api/routers/test_governance.py::TestGovernanceEndpoints::test_governance_status_gasdf_info PASSED [  8%]
tests/api/routers/test_governance.py::TestGovernanceEndpoints::test_governance_status_lnsp_info PASSED [  8%]
tests/api/routers/test_governance.py::TestGovernanceEndpoints::test_vote_choices PASSED [  8%]
tests/api/routers/test_governance.py::TestGovernanceEndpoints::test_vote_case_insensitive PASSED [  8%]
tests/api/routers/test_governance.py::TestGovernanceEndpoints::test_proposal_lifecycle PASSED [  8%]
tests/api/routers/test_governance.py::TestGovernanceEndpoints::test_trigger_execution_no_gasdf PASSED [  8%]
tests/api/routers/test_governance.py::TestGovernanceEndpoints::test_endpoint_requires_governance_init PASSED [  8%]
tests/api/routers/test_governance.py::TestGovernanceModels::test_proposal_request_validation PASSED [  8%]
tests/api/routers/test_governance.py::TestGovernanceModels::test_vote_request_validation PASSED [  9%]
tests/api/routers/test_governance.py::TestGovernanceModels::test_verdict_response_model PASSED [  9%]
tests/api/routers/test_governance.py::TestGovernanceModels::test_governance_status_response_model PASSED [  9%]
tests/api/routers/test_health_enhanced.py::TestHealthEnhanced::test_health_basic PASSED [  9%]
tests/api/routers/test_health_enhanced.py::TestHealthEnhanced::test_health_full_rich_data PASSED [  9%]
tests/api/routers/test_health_enhanced.py::TestHealthEnhanced::test_health_full_dogs_status PASSED [  9%]
tests/api/routers/test_health_enhanced.py::TestHealthEnhanced::test_health_full_learning_metrics PASSED [  9%]
tests/api/routers/test_health_enhanced.py::TestHealthEnhanced::test_health_ready_blocks_until_ready PASSED [  9%]
tests/api/routers/test_health_enhanced.py::TestHealthEnhanced::test_health_ready_success PASSED [  9%]
tests/api/routers/test_health_enhanced.py::TestHealthEnhanced::test_health_ready_timeout_incomplete PASSED [  9%]
tests/api/routers/test_health_enhanced.py::TestHealthEnhanced::test_health_full_fails_if_component_down PASSED [  9%]
tests/api/routers/test_health_enhanced.py::TestHealthIntegration::test_health_endpoints_all_accessible PASSED [ 10%]
tests/api/routers/test_health_enhanced.py::TestHealthIntegration::test_health_full_response_consistency PASSED [ 10%]
tests/api/routers/test_health_enhanced.py::TestHealthIntegration::test_health_ready_polling_interval PASSED [ 10%]
tests/api/routers/test_mcp_websocket.py::test_mcp_websocket_endpoint_exists PASSED [ 10%]
tests/api/routers/test_mcp_websocket.py::test_mcp_websocket_tools_list PASSED [ 10%]
tests/api/routers/test_mcp_websocket.py::test_mcp_websocket_tools_list_contains_expected_tools PASSED [ 10%]
tests/api/routers/test_mcp_websocket.py::test_mcp_websocket_unknown_method PASSED [ 10%]
tests/api/routers/test_mcp_websocket.py::test_mcp_websocket_preserves_message_id PASSED [ 10%]
tests/api/routers/test_mcp_websocket.py::test_mcp_websocket_multiple_messages PASSED [ 10%]
tests/api/routers/test_ws_ecosystem.py::test_ws_ecosystem_connect PASSED [ 10%]
tests/api/routers/test_ws_ecosystem.py::test_ws_ecosystem_receive_periodic_updates PASSED [ 10%]
tests/api/services/test_consciousness_service.py::test_get_ecosystem_state PASSED [ 11%]
tests/api/services/test_consciousness_service.py::test_get_decision_trace PASSED [ 11%]
tests/api/services/test_consciousness_service.py::test_get_topology_consciousness PASSED [ 11%]
tests/api/services/test_consciousness_service.py::test_get_guardrail_decisions PASSED [ 11%]
tests/api/services/test_consciousness_service.py::test_get_self_awareness PASSED [ 11%]
tests/api/services/test_consciousness_service.py::test_get_nervous_system_audit PASSED [ 11%]
tests/api/services/test_ecosystem_observer.py::test_event_history_query PASSED [ 11%]
tests/api/services/test_ecosystem_observer.py::test_perception_sources_query PASSED [ 11%]
tests/api/services/test_ecosystem_observer.py::test_handler_traces_query PASSED [ 11%]
tests/api/services/test_ecosystem_observer.py::test_ecosystem_snapshot_aggregator PASSED [ 11%]
tests/api/test_router_http_registration.py::TestRouterHTTPRegistration::test_all_routers_registered PASSED [ 11%]
tests/api/test_router_http_registration.py::TestRouterHTTPRegistration::test_all_routers_have_api_prefix PASSED [ 11%]
tests/api/test_router_http_registration.py::TestRouterHTTPRegistration::test_consciousness_ecosystem_routes_work_via_http PASSED [ 12%]
tests/api/test_router_http_registration.py::TestRouterHTTPRegistration::test_observability_routes_work_via_http PASSED [ 12%]
tests/api/test_router_http_registration.py::TestRouterHTTPRegistration::test_all_registered_routers_have_routes PASSED [ 12%]
tests/api/test_router_http_registration.py::TestRouterHTTPRegistration::test_no_routes_outside_api_prefix PASSED [ 12%]
tests/api/test_router_http_registration.py::TestRouterConsistency::test_router_module_naming PASSED [ 12%]
tests/api/test_router_http_registration.py::TestRouterConsistency::test_all_routes_in_app_routes PASSED [ 12%]
tests/cognition/test_judgment_stages.py::test_perceive_stage_emits_event PASSED [ 12%]
tests/cognition/test_judgment_stages.py::test_judge_stage_creates_judgment PASSED [ 12%]
tests/cognition/test_judgment_stages.py::test_decide_stage_validates_judgment PASSED [ 12%]
tests/cognition/test_judgment_stages.py::test_act_stage_executes_action PASSED [ 12%]
tests/cognition/test_judgment_stages.py::test_learn_stage_placeholder PASSED [ 12%]
tests/cognition/test_judgment_stages.py::test_account_stage_tracks_cost PASSED [ 13%]
tests/cognition/test_judgment_stages.py::test_emerge_stage_detects_anomaly PASSED [ 13%]
tests/cognition/test_judgment_stages.py::test_execute_judgment_pipeline_full_cycle PASSED [ 13%]
tests/cognition/test_master_dog.py::test_master_dog_as_sage PASSED       [ 13%]
tests/cognition/test_master_dog.py::test_master_dog_as_scholar PASSED    [ 13%]
tests/cognition/test_orchestrator.py::test_orchestrator_initialization PASSED [ 13%]
tests/cognition/test_orchestrator.py::test_orchestrator_run_macro_cycle PASSED [ 13%]
tests/cognition/test_orchestrator.py::test_orchestrator_run_reflex_cycle PASSED [ 13%]
tests/consensus/test_pbft_engine.py::TestPBFTEngineInitialization::test_pbft_engine_initialization_with_defaults PASSED [ 13%]
tests/consensus/test_pbft_engine.py::TestPBFTEngineInitialization::test_pbft_engine_initialization_with_custom_dogs PASSED [ 13%]
tests/consensus/test_pbft_engine.py::TestPBFTEngineInitialization::test_pbft_engine_requires_min_4_dogs PASSED [ 13%]
tests/consensus/test_pbft_engine.py::TestPBFTEngineInitialization::test_pbft_engine_fault_tolerance_calculation PASSED [ 14%]
tests/consensus/test_pbft_engine.py::TestPBFTEngineInitialization::test_pbft_engine_rejects_invalid_fault_tolerance PASSED [ 14%]
tests/consensus/test_pbft_engine.py::TestPBFTEngineConsensus::test_pbft_engine_reach_consensus_empty_judgments PASSED [ 14%]
tests/consensus/test_pbft_engine.py::TestPBFTEngineConsensus::test_pbft_engine_reach_consensus_all_same_verdict PASSED [ 14%]
tests/consensus/test_pbft_engine.py::TestPBFTEngineConsensus::test_pbft_engine_reach_consensus_clear_majority PASSED [ 14%]
tests/consensus/test_pbft_engine.py::TestPBFTEngineConsensus::test_pbft_engine_reach_consensus_marginal_majority PASSED [ 14%]
tests/consensus/test_pbft_engine.py::TestPBFTEngineConsensus::test_pbft_engine_reach_consensus_no_majority_defaults_to_wag PASSED [ 14%]
tests/consensus/test_pbft_engine.py::TestPBFTEngineConsensus::test_pbft_engine_aggregates_confidence PASSED [ 14%]
tests/consensus/test_pbft_engine.py::TestPBFTEngineConsensus::test_pbft_engine_aggregates_q_score PASSED [ 14%]
tests/consensus/test_pbft_engine.py::TestPBFTEngineConsensus::test_pbft_engine_fault_tolerance_3_faulty_dogs PASSED [ 14%]
tests/consensus/test_pbft_engine.py::TestPBFTEngineConsensus::test_pbft_engine_fault_tolerance_4_faulty_dogs_fails PASSED [ 14%]
tests/consensus/test_pbft_engine.py::TestPBFTEngineConsensus::test_pbft_engine_verdict_attributes_present PASSED [ 14%]
tests/consensus/test_pbft_engine.py::TestPBFTEngineConsensus::test_pbft_engine_mismatched_dog_count PASSED [ 15%]
tests/consensus/test_pbft_engine.py::TestPBFTEngineConsensus::test_pbft_engine_more_judgments_than_expected PASSED [ 15%]
tests/consensus/test_pbft_engine.py::TestPBFTEngineLogging::test_pbft_engine_logs_debug_per_dog PASSED [ 15%]
tests/consensus/test_pbft_engine.py::TestPBFTEngineLogging::test_pbft_engine_logs_info_consensus_result PASSED [ 15%]
tests/consensus/test_pbft_engine.py::TestUnifiedConsciousStateConsensus::test_conscious_state_reach_consensus_judgment PASSED [ 15%]
tests/consensus/test_pbft_engine.py::TestUnifiedConsciousStateConsensus::test_conscious_state_reach_consensus_with_varied_verdicts PASSED [ 15%]
tests/consensus/test_pbft_engine.py::TestTieBreakers::test_pbft_engine_tie_breaker_hierarchical PASSED [ 15%]
tests/cynic/bots/test_bot_interface.py::TestBotCommand::test_bot_command_structure PASSED [ 15%]
tests/cynic/bots/test_bot_interface.py::TestBotCommand::test_bot_command_with_optional_fields PASSED [ 15%]
tests/cynic/bots/test_bot_interface.py::TestBotCommand::test_bot_command_immutable PASSED [ 15%]
tests/cynic/bots/test_bot_interface.py::TestBotCommand::test_bot_command_timestamp_default PASSED [ 15%]
tests/cynic/bots/test_bot_interface.py::TestBotCommand::test_bot_command_args_default_empty_dict PASSED [ 16%]
tests/cynic/bots/test_bot_interface.py::TestBotResponse::test_bot_response_structure PASSED [ 16%]
tests/cynic/bots/test_bot_interface.py::TestBotResponse::test_bot_response_with_data PASSED [ 16%]
tests/cynic/bots/test_bot_interface.py::TestBotResponse::test_bot_response_ephemeral PASSED [ 16%]
tests/cynic/bots/test_bot_interface.py::TestBotResponse::test_bot_response_with_error PASSED [ 16%]
tests/cynic/bots/test_bot_interface.py::TestBotResponse::test_bot_response_immutable PASSED [ 16%]
tests/cynic/bots/test_bot_interface.py::TestBotResponse::test_bot_response_defaults PASSED [ 16%]
tests/cynic/bots/test_bot_interface.py::TestBotInterface::test_bot_interface_is_abstract PASSED [ 16%]
tests/cynic/bots/test_bot_interface.py::TestBotInterface::test_bot_interface_is_abc PASSED [ 16%]
tests/cynic/bots/test_bot_interface.py::TestBotInterface::test_bot_interface_requires_start_method PASSED [ 16%]
tests/cynic/bots/test_bot_interface.py::TestBotInterface::test_bot_interface_requires_stop_method PASSED [ 16%]
tests/cynic/bots/test_bot_interface.py::TestBotInterface::test_bot_interface_requires_handle_command_method PASSED [ 17%]
tests/cynic/bots/test_bot_interface.py::TestBotImplementation::test_bot_implementation_contract PASSED [ 17%]
tests/cynic/bots/test_bot_interface.py::TestBotImplementation::test_bot_start_stop_lifecycle PASSED [ 17%]
tests/cynic/bots/test_bot_interface.py::TestBotImplementation::test_bot_handle_command_returns_response PASSED [ 17%]
tests/cynic/bots/test_bot_interface.py::TestPlatformValidation::test_platform_must_be_valid PASSED [ 17%]
tests/cynic/bots/test_bot_interface.py::TestPlatformValidation::test_invalid_platform_raises_error PASSED [ 17%]
tests/cynic/bots/test_bot_interface.py::TestPlatformValidation::test_platform_case_sensitive PASSED [ 17%]
tests/cynic/bots/test_bot_interface.py::TestBotResponseSuccess::test_response_success_must_be_bool PASSED [ 17%]
tests/cynic/bots/test_bot_interface.py::TestBotResponseSuccess::test_response_success_cannot_be_none PASSED [ 17%]
tests/cynic/config/test_config.py::TestConfigLoading::test_config_loads_from_environment PASSED [ 17%]
tests/cynic/config/test_config.py::TestConfigLoading::test_config_defaults PASSED [ 17%]
tests/cynic/config/test_config.py::TestConfigLoading::test_config_optional_fields PASSED [ 18%]
tests/cynic/config/test_config.py::TestConfigSingleton::test_config_singleton_returns_same_instance PASSED [ 18%]
tests/cynic/config/test_config.py::TestConfigSingleton::test_singleton_loads_from_environment PASSED [ 18%]
tests/cynic/config/test_config.py::TestConfigSingleton::test_singleton_caches_on_first_call PASSED [ 18%]
tests/cynic/config/test_config.py::TestConfigValidation::test_config_num_dogs_validation_valid_range PASSED [ 18%]
tests/cynic/config/test_config.py::TestConfigValidation::test_config_num_dogs_validation_too_low PASSED [ 18%]
tests/cynic/config/test_config.py::TestConfigValidation::test_config_num_dogs_validation_too_high PASSED [ 18%]
tests/cynic/config/test_config.py::TestConfigValidation::test_config_learning_rate_validation_valid_range PASSED [ 18%]
tests/cynic/config/test_config.py::TestConfigValidation::test_config_learning_rate_validation_too_low PASSED [ 18%]
tests/cynic/config/test_config.py::TestConfigValidation::test_config_learning_rate_validation_too_high PASSED [ 18%]
tests/cynic/config/test_config.py::TestConfigValidation::test_config_discount_factor_validation_valid_range PASSED [ 18%]
tests/cynic/config/test_config.py::TestConfigValidation::test_config_discount_factor_validation_too_low PASSED [ 18%]
tests/cynic/config/test_config.py::TestConfigValidation::test_config_discount_factor_validation_too_high PASSED [ 19%]
tests/cynic/config/test_config.py::TestConfigValidation::test_config_e_score_decay_validation_valid_range PASSED [ 19%]
tests/cynic/config/test_config.py::TestConfigValidation::test_config_e_score_decay_validation_too_low PASSED [ 19%]
tests/cynic/config/test_config.py::TestConfigValidation::test_config_e_score_decay_validation_too_high PASSED [ 19%]
tests/cynic/config/test_config.py::TestConfigValidation::test_config_environment_validation_valid_values PASSED [ 19%]
tests/cynic/config/test_config.py::TestConfigValidation::test_config_environment_validation_invalid_value PASSED [ 19%]
tests/cynic/config/test_config.py::TestConfigValidation::test_config_log_level_validation_valid_values PASSED [ 19%]
tests/cynic/config/test_config.py::TestConfigValidation::test_config_log_level_validation_invalid_value PASSED [ 19%]
tests/cynic/config/test_config.py::TestConfigValidation::test_config_judgment_timeout_validation_must_be_positive PASSED [ 19%]
tests/cynic/config/test_config.py::TestConfigValidation::test_config_consensus_timeout_validation_must_be_positive PASSED [ 19%]
tests/cynic/config/test_config.py::TestConfigValidation::test_config_positive_timeouts_valid PASSED [ 19%]
tests/cynic/config/test_config.py::TestConfigImmutability::test_config_frozen_cannot_modify PASSED [ 20%]
tests/cynic/config/test_config.py::TestConfigImmutability::test_config_frozen_on_creation PASSED [ 20%]
tests/cynic/config/test_config.py::TestConfigEnvironmentVariables::test_parse_integer_environment_variables PASSED [ 20%]
tests/cynic/config/test_config.py::TestConfigEnvironmentVariables::test_parse_float_environment_variables PASSED [ 20%]
tests/cynic/config/test_config.py::TestConfigEnvironmentVariables::test_parse_boolean_environment_variable PASSED [ 20%]
tests/cynic/config/test_config.py::TestConfigEnvironmentVariables::test_missing_optional_environment_variables PASSED [ 20%]
tests/cynic/judges/test_judge_interface.py::TestJudgeInterface::test_judge_interface_is_abstract PASSED [ 20%]
tests/cynic/judges/test_judge_interface.py::TestJudgeInterface::test_judge_interface_requires_judge_method PASSED [ 20%]
tests/cynic/judges/test_judge_interface.py::TestJudgeInterface::test_judge_interface_is_abc PASSED [ 20%]
tests/cynic/judges/test_judge_interface.py::TestBaseJudge::test_base_judge_is_abstract PASSED [ 20%]
tests/cynic/judges/test_judge_interface.py::TestBaseJudge::test_base_judge_initializes_properly PASSED [ 20%]
tests/cynic/judges/test_judge_interface.py::TestBaseJudge::test_base_judge_confidence_bounded PASSED [ 21%]
tests/cynic/judges/test_judge_interface.py::TestBaseJudge::test_base_judge_tracks_judgments PASSED [ 21%]
tests/cynic/judges/test_judge_interface.py::TestBaseJudge::test_base_judge_tracks_confidence_history PASSED [ 21%]
tests/cynic/judges/test_judge_interface.py::TestJudgeReturnsUnifiedJudgment::test_judge_returns_unified_judgment PASSED [ 21%]
tests/cynic/judges/test_judge_interface.py::TestJudgeReturnsUnifiedJudgment::test_judge_is_async PASSED [ 21%]
tests/cynic/judges/test_judge_interface.py::TestJudgeReturnsUnifiedJudgment::test_judge_validates_q_score_bounds PASSED [ 21%]
tests/cynic/judges/test_judge_interface.py::TestJudgeReturnsUnifiedJudgment::test_judge_validates_confidence_bounds PASSED [ 21%]
tests/cynic/judges/test_judge_interface.py::TestJudgeReturnsUnifiedJudgment::test_judge_validates_verdict PASSED [ 21%]
tests/integrations/test_gasdf_burn_sensor.py::TestGASdfBurnSensor::test_burn_sensor_emits_observation PASSED [ 21%]
tests/integrations/test_gasdf_burn_sensor.py::TestGASdfBurnSensor::test_burn_sensor_observation_payload PASSED [ 21%]
tests/integrations/test_gasdf_burn_sensor.py::TestGASdfBurnSensor::test_burn_sensor_skips_duplicate_stats PASSED [ 21%]
tests/integrations/test_gasdf_burn_sensor.py::TestGASdfBurnSensor::test_burn_sensor_emits_on_stat_change PASSED [ 22%]
tests/integrations/test_gasdf_burn_sensor.py::TestGASdfBurnSensor::test_burn_sensor_handles_api_error PASSED [ 22%]
tests/integrations/test_gasdf_burn_sensor.py::TestGASdfBurnSensor::test_burn_sensor_observation_type PASSED [ 22%]
tests/integrations/test_gasdf_burn_sensor.py::TestGASdfBurnSensor::test_burn_sensor_custom_instance_id PASSED [ 22%]
tests/integrations/test_gasdf_client.py::TestGASdfClient::test_health_check_success PASSED [ 22%]
tests/integrations/test_gasdf_client.py::TestGASdfClient::test_health_check_error PASSED [ 22%]
tests/integrations/test_gasdf_client.py::TestGASdfClient::test_get_tokens PASSED [ 22%]
tests/integrations/test_gasdf_client.py::TestGASdfClient::test_get_quote PASSED [ 22%]
tests/integrations/test_gasdf_client.py::TestGASdfClient::test_submit_transaction PASSED [ 22%]
tests/integrations/test_gasdf_client.py::TestGASdfClient::test_get_stats PASSED [ 22%]
tests/integrations/test_gasdf_client.py::TestGASdfClient::test_error_handling_non_200_status PASSED [ 22%]
tests/integrations/test_gasdf_client.py::TestGASdfClient::test_quote_error_handling PASSED [ 22%]
tests/integrations/test_gasdf_client.py::TestGASdfClient::test_submit_error_handling PASSED [ 23%]
tests/integrations/test_gasdf_executor.py::TestGASdfExecutor::test_execute_approved_verdict PASSED [ 23%]
tests/integrations/test_gasdf_executor.py::TestGASdfExecutor::test_execute_tentative_approve_verdict PASSED [ 23%]
tests/integrations/test_gasdf_executor.py::TestGASdfExecutor::test_skip_caution_verdict PASSED [ 23%]
tests/integrations/test_gasdf_executor.py::TestGASdfExecutor::test_skip_reject_verdict PASSED [ 23%]
tests/integrations/test_gasdf_executor.py::TestGASdfExecutor::test_execution_result_structure PASSED [ 23%]
tests/integrations/test_gasdf_executor.py::TestGASdfExecutor::test_error_handling_on_quote_failure PASSED [ 23%]
tests/integrations/test_gasdf_executor.py::TestGASdfExecutor::test_error_handling_on_submit_failure PASSED [ 23%]
tests/integrations/test_gasdf_integration.py::TestGASdfGovernanceIntegration::test_governance_lnsp_initialization_with_executor PASSED [ 23%]
tests/integrations/test_gasdf_integration.py::TestGASdfGovernanceIntegration::test_governance_lnsp_initialization_without_executor PASSED [ 23%]
tests/integrations/test_gasdf_integration.py::TestGASdfGovernanceIntegration::test_governance_with_gasdf_executor PASSED [ 23%]
tests/integrations/test_gasdf_integration.py::TestGASdfGovernanceIntegration::test_verdict_execution_called_for_approved PASSED [ 24%]
tests/integrations/test_gasdf_integration.py::TestGASdfGovernanceIntegration::test_verdict_cache_structure PASSED [ 24%]
tests/mcp/test_concurrent_calls.py::TestConcurrentCallsBasic::test_two_tools_can_run_concurrently PASSED [ 24%]
tests/mcp/test_concurrent_calls.py::TestConcurrentCallsBasic::test_call_ids_are_unique PASSED [ 24%]
tests/mcp/test_concurrent_calls.py::TestConcurrentCallsBasic::test_call_isolation_between_concurrent_calls PASSED [ 24%]
tests/mcp/test_concurrent_calls.py::TestConcurrentObserveCalls::test_three_concurrent_observe_calls PASSED [ 24%]
tests/mcp/test_concurrent_calls.py::TestConcurrentObserveCalls::test_observe_calls_track_in_active_calls PASSED [ 24%]
tests/mcp/test_concurrent_calls.py::TestCallTracking::test_call_counter_increments PASSED [ 24%]
tests/mcp/test_concurrent_calls.py::TestCallTracking::test_call_ids_survive_failures PASSED [ 24%]
tests/mcp/test_concurrent_calls.py::TestCallTracking::test_active_calls_cleanup PASSED [ 24%]
tests/mcp/test_concurrent_calls.py::TestGetActiveCalls::test_get_active_calls_format PASSED [ 24%]
tests/mcp/test_concurrent_calls.py::TestGetActiveCalls::test_concurrent_calls_consistency PASSED [ 25%]
tests/mcp/test_concurrent_calls.py::TestMessageRoutingConcurrency::test_mixed_message_types_concurrent PASSED [ 25%]
tests/mcp/test_concurrent_calls.py::TestErrorHandlingConcurrency::test_one_failure_doesnt_block_others PASSED [ 25%]
tests/mcp/test_concurrent_calls.py::TestErrorHandlingConcurrency::test_concurrent_calls_no_exception_leak PASSED [ 25%]
tests/mcp/test_kernel_startup.py::test_kernel_startup_success_fast PASSED [ 25%]
tests/mcp/test_kernel_startup.py::test_kernel_startup_spawns_if_down PASSED [ 25%]
tests/mcp/test_kernel_startup.py::test_kernel_startup_timeout_30s PASSED [ 25%]
tests/mcp/test_kernel_startup.py::test_kernel_startup_exponential_backoff PASSED [ 25%]
tests/mcp/test_kernel_startup.py::test_kernel_startup_logging PASSED     [ 25%]
tests/mcp/test_kernel_startup.py::test_spawn_kernel_success PASSED       [ 25%]
tests/mcp/test_kernel_startup.py::test_spawn_kernel_already_running PASSED [ 25%]
tests/mcp/test_mcp_learning_feedback.py::test_ask_cynic_returns_judgment_result PASSED [ 25%]
tests/mcp/test_mcp_learning_feedback.py::test_ask_cynic_fallback_without_orchestrator PASSED [ 26%]
tests/mcp/test_mcp_learning_feedback.py::test_ask_cynic_requires_prompt PASSED [ 26%]
tests/mcp/test_mcp_learning_feedback.py::test_observe_cynic_returns_snapshot PASSED [ 26%]
tests/mcp/test_mcp_learning_feedback.py::test_learn_endpoint_emits_user_feedback_event PASSED [ 26%]
tests/mcp/test_mcp_learning_feedback.py::test_learn_endpoint_continues_on_event_emission_failure PASSED [ 26%]
tests/mcp/test_mcp_learning_feedback.py::test_mcp_tool_called_event_emitted_before_handler PASSED [ 26%]
tests/mcp/test_mcp_learning_feedback.py::test_ask_cynic_learn_integration PASSED [ 26%]
tests/mcp/test_mcp_streaming.py::TestWatchTelemetryStreaming::test_watch_telemetry_streams_metrics PASSED [ 26%]
tests/mcp/test_mcp_streaming.py::TestWatchTelemetryStreaming::test_watch_telemetry_reconnects_on_disconnect PASSED [ 26%]
tests/mcp/test_mcp_streaming.py::TestWatchTelemetryStreaming::test_watch_telemetry_handles_backpressure PASSED [ 26%]
tests/mcp/test_mcp_streaming.py::TestWatchTelemetryStreaming::test_watch_telemetry_formats_correctly PASSED [ 26%]
tests/mcp/test_mcp_streaming.py::TestWatchTelemetryStreaming::test_watch_telemetry_handles_malformed_json PASSED [ 27%]
tests/mcp/test_mcp_streaming.py::TestWatchTelemetryStreaming::test_watch_telemetry_connection_timeout PASSED [ 27%]
tests/mcp/test_mcp_streaming.py::TestTelemetrySummarization::test_summarize_empty_stream PASSED [ 27%]
tests/mcp/test_mcp_streaming.py::TestTelemetrySummarization::test_summarize_single_judgment PASSED [ 27%]
tests/mcp/test_mcp_streaming.py::TestTelemetrySummarization::test_summarize_multiple_verdicts PASSED [ 27%]
tests/mcp/test_mcp_streaming.py::TestTelemetrySummarization::test_summarize_learning_events PASSED [ 27%]
tests/mcp/test_mcp_streaming.py::TestTelemetrySummarization::test_summarize_meta_cycles PASSED [ 27%]
tests/mcp/test_mcp_streaming.py::TestTelemetrySummarization::test_summarize_sona_ticks PASSED [ 27%]
tests/mcp/test_mcp_streaming.py::TestTelemetrySummarization::test_summarize_ignores_heartbeat PASSED [ 27%]
tests/mcp/test_mcp_streaming.py::TestTelemetrySummarization::test_summarize_mixed_event_stream PASSED [ 27%]
tests/mcp/test_mcp_streaming.py::TestTelemetrySummarization::test_summarize_zero_q_scores PASSED [ 27%]
tests/mcp/test_mcp_streaming.py::TestStreamingToolIntegration::test_tool_watch_telemetry_invocation SKIPPED [ 28%]
tests/mcp/test_mcp_streaming.py::TestStreamingToolIntegration::test_tool_watch_telemetry_error_handling SKIPPED [ 28%]
tests/mcp/test_mcp_streaming.py::TestStreamingToolIntegration::test_tool_watch_telemetry_default_duration SKIPPED [ 28%]
tests/mcp/test_mcp_streaming.py::TestStreamingToolIntegration::test_adapter_initialization PASSED [ 28%]
tests/mcp/test_mcp_streaming.py::TestStreamingEdgeCases::test_adapter_context_manager PASSED [ 28%]
tests/mcp/test_mcp_streaming.py::TestStreamingEdgeCases::test_adapter_caching PASSED [ 28%]
tests/mcp/test_mcp_streaming.py::TestStreamingEdgeCases::test_summarize_large_event_stream PASSED [ 28%]
tests/mcp/test_phase1_integration.py::TestPhase1AllToolsAvailable::test_mcp_router_registers_default_tools PASSED [ 28%]
tests/mcp/test_phase1_integration.py::TestPhase1AllToolsAvailable::test_tools_list_via_handler PASSED [ 28%]
tests/mcp/test_phase1_integration.py::TestPhase1AllToolsAvailable::test_expected_tool_names_present PASSED [ 28%]
tests/mcp/test_phase1_integration.py::TestPhase1ErrorHandling::test_invalid_json_rpc_request_returns_error PASSED [ 28%]
tests/mcp/test_phase1_integration.py::TestPhase1ErrorHandling::test_unknown_method_returns_error PASSED [ 29%]
tests/mcp/test_phase1_integration.py::TestPhase1ErrorHandling::test_invalid_tool_call_returns_error PASSED [ 29%]
tests/mcp/test_phase1_integration.py::TestPhase1ErrorHandling::test_error_response_structure PASSED [ 29%]
tests/mcp/test_phase1_integration.py::TestPhase1ErrorHandling::test_no_crashes_on_malformed_input PASSED [ 29%]
tests/mcp/test_phase1_integration.py::TestPhase1PortConfiguration::test_port_default_value PASSED [ 29%]
tests/mcp/test_phase1_integration.py::TestPhase1PortConfiguration::test_port_from_env_variable PASSED [ 29%]
tests/mcp/test_phase1_integration.py::TestPhase1PortConfiguration::test_kernel_port_configurable PASSED [ 29%]
tests/mcp/test_phase1_integration.py::TestPhase1PortConfiguration::test_kernel_port_default_fallback PASSED [ 29%]
tests/mcp/test_phase1_integration.py::TestPhase1PortConfiguration::test_mcp_adapter_uses_configured_port PASSED [ 29%]
tests/mcp/test_phase1_integration.py::TestPhase1TimeoutsApplied::test_fast_category_has_2s_timeout PASSED [ 29%]
tests/mcp/test_phase1_integration.py::TestPhase1TimeoutsApplied::test_normal_category_has_30s_timeout PASSED [ 29%]
tests/mcp/test_phase1_integration.py::TestPhase1TimeoutsApplied::test_batch_category_has_300s_timeout PASSED [ 29%]
tests/mcp/test_phase1_integration.py::TestPhase1TimeoutsApplied::test_stream_category_has_no_timeout PASSED [ 30%]
tests/mcp/test_phase1_integration.py::TestPhase1TimeoutsApplied::test_unknown_tools_default_to_normal PASSED [ 30%]
tests/mcp/test_phase1_integration.py::TestPhase1TimeoutsApplied::test_timeout_summary_all_categories PASSED [ 30%]
tests/mcp/test_phase1_integration.py::TestPhase1HealthEndpointsAvailable::test_health_endpoint_available PASSED [ 30%]
tests/mcp/test_phase1_integration.py::TestPhase1HealthEndpointsAvailable::test_health_endpoint_has_uptime PASSED [ 30%]
tests/mcp/test_phase1_integration.py::TestPhase1HealthEndpointsAvailable::test_health_full_endpoint_available PASSED [ 30%]
tests/mcp/test_phase1_integration.py::TestPhase1HealthEndpointsAvailable::test_health_full_has_required_fields PASSED [ 30%]
tests/mcp/test_phase1_integration.py::TestPhase1HealthEndpointsAvailable::test_health_full_has_components PASSED [ 30%]
tests/mcp/test_phase1_integration.py::TestPhase1HealthEndpointsAvailable::test_health_full_has_dogs_info PASSED [ 30%]
tests/mcp/test_phase1_integration.py::TestPhase1HealthEndpointsAvailable::test_health_full_has_learning_info PASSED [ 30%]
tests/mcp/test_phase1_integration.py::TestPhase1HealthEndpointsAvailable::test_health_full_has_resources PASSED [ 30%]
tests/mcp/test_phase1_integration.py::TestPhase1HealthEndpointsAvailable::test_health_ready_endpoint_available PASSED [ 31%]
tests/mcp/test_phase1_integration.py::TestPhase1HealthEndpointsAvailable::test_health_endpoints_are_json PASSED [ 31%]
tests/mcp/test_phase1_integration.py::TestPhase1IntegrationE2E::test_router_handles_complete_lifecycle PASSED [ 31%]
tests/mcp/test_phase1_integration.py::TestPhase1IntegrationE2E::test_timeout_and_error_handling_together PASSED [ 31%]
tests/mcp/test_phase1_integration.py::TestPhase1IntegrationE2E::test_all_components_available PASSED [ 31%]
tests/mcp/test_phase1_integration.py::TestPhase1FinalValidation::test_phase1_components_integrated PASSED [ 31%]
tests/mcp/test_phase1_integration.py::TestPhase1FinalValidation::test_phase1_zero_critical_errors PASSED [ 31%]
tests/mcp/test_phase1_integration.py::TestPhase1FinalValidation::test_phase1_ready_for_phase2 PASSED [ 31%]
tests/mcp/test_phase1_integration.py::TestPhase1AsyncIntegration::test_concurrent_call_tracking PASSED [ 31%]
tests/mcp/test_phase1_integration.py::TestPhase1AsyncIntegration::test_error_in_async_message_handling PASSED [ 31%]
tests/mcp/test_timeout_strategy.py::TestTimeoutCategory::test_fast_timeout_value PASSED [ 31%]
tests/mcp/test_timeout_strategy.py::TestTimeoutCategory::test_normal_timeout_value PASSED [ 32%]
tests/mcp/test_timeout_strategy.py::TestTimeoutCategory::test_batch_timeout_value PASSED [ 32%]
tests/mcp/test_timeout_strategy.py::TestTimeoutCategory::test_stream_timeout_value PASSED [ 32%]
tests/mcp/test_timeout_strategy.py::TestTimeoutCategory::test_timeout_category_float_conversion PASSED [ 32%]
tests/mcp/test_timeout_strategy.py::TestTimeoutConfig::test_fast_tools_have_2s_timeout PASSED [ 32%]
tests/mcp/test_timeout_strategy.py::TestTimeoutConfig::test_normal_tools_have_30s_timeout PASSED [ 32%]
tests/mcp/test_timeout_strategy.py::TestTimeoutConfig::test_batch_tools_have_300s_timeout PASSED [ 32%]
tests/mcp/test_timeout_strategy.py::TestTimeoutConfig::test_stream_tools_have_no_timeout PASSED [ 32%]
tests/mcp/test_timeout_strategy.py::TestTimeoutConfig::test_get_category PASSED [ 32%]
tests/mcp/test_timeout_strategy.py::TestTimeoutConfig::test_unknown_tool_defaults_to_normal PASSED [ 32%]
tests/mcp/test_timeout_strategy.py::TestTimeoutConfig::test_summary_structure PASSED [ 32%]
tests/mcp/test_timeout_strategy.py::TestTimeoutConfig::test_summary_tools_are_sorted PASSED [ 33%]
tests/mcp/test_timeout_strategy.py::TestTimeoutConfig::test_all_configured_tools_appear_in_summary PASSED [ 33%]
tests/mcp/test_timeout_strategy.py::TestTimeoutApplication::test_fast_tool_timeout_enforced PASSED [ 33%]
tests/mcp/test_timeout_strategy.py::TestTimeoutApplication::test_normal_tool_timeout_enforced PASSED [ 33%]
tests/mcp/test_timeout_strategy.py::TestTimeoutApplication::test_stream_tool_no_timeout PASSED [ 33%]
tests/mcp/test_timeout_strategy.py::TestTimeoutApplication::test_successful_operation_within_timeout PASSED [ 33%]
tests/mcp/test_timeout_strategy.py::TestTimeoutApplication::test_get_timeout_for_tool_helper PASSED [ 33%]
tests/mcp/test_timeout_strategy.py::TestTimeoutEdgeCases::test_timeout_config_registry_completeness PASSED [ 33%]
tests/mcp/test_timeout_strategy.py::TestTimeoutEdgeCases::test_timeout_values_are_reasonable PASSED [ 33%]
tests/mcp/test_timeout_strategy.py::TestTimeoutEdgeCases::test_timeout_at_boundary PASSED [ 33%]
tests/mcp/test_timeout_strategy.py::TestTimeoutDocumentation::test_timeout_category_has_docstring PASSED [ 33%]
tests/mcp/test_timeout_strategy.py::TestTimeoutDocumentation::test_timeout_config_has_docstring PASSED [ 33%]
tests/mcp/test_timeout_strategy.py::TestTimeoutDocumentation::test_get_timeout_has_docstring PASSED [ 34%]
tests/mcp/test_timeout_strategy.py::TestTimeoutDocumentation::test_get_category_has_docstring PASSED [ 34%]
tests/mcp/test_timeout_strategy.py::TestTimeoutDocumentation::test_summary_has_docstring PASSED [ 34%]
tests/protocol/test_lnsp_e2e.py::TestLNSPManagerSetup::test_manager_creation_default PASSED [ 34%]
tests/protocol/test_lnsp_e2e.py::TestLNSPManagerSetup::test_manager_creation_custom_instance PASSED [ 34%]
tests/protocol/test_lnsp_e2e.py::TestLNSPManagerSetup::test_manager_wire_layers_connects_subscriptions PASSED [ 34%]
tests/protocol/test_lnsp_e2e.py::TestLNSPManagerSetup::test_manager_with_custom_layers PASSED [ 34%]
tests/protocol/test_lnsp_e2e.py::TestFullPipeline::test_lnsp_full_pipeline_basic PASSED [ 34%]
tests/protocol/test_lnsp_e2e.py::TestFullPipeline::test_lnsp_pipeline_with_aggregation_trigger PASSED [ 34%]
tests/protocol/test_lnsp_e2e.py::TestFullPipeline::test_lnsp_pipeline_verdict_verdict_types PASSED [ 34%]
tests/protocol/test_lnsp_e2e.py::TestMultipleCycles::test_lnsp_multiple_cycles_sensor_calls PASSED [ 34%]
tests/protocol/test_lnsp_e2e.py::TestMultipleCycles::test_lnsp_multiple_cycles_state_accumulation PASSED [ 35%]
tests/protocol/test_lnsp_e2e.py::TestWithRealComponents::test_lnsp_with_real_sensor_aggregator_axioms PASSED [ 35%]
tests/protocol/test_lnsp_e2e.py::TestWithRealComponents::test_lnsp_with_real_handler PASSED [ 35%]
tests/protocol/test_lnsp_e2e.py::TestWithRealComponents::test_lnsp_feedback_loop PASSED [ 35%]
tests/protocol/test_lnsp_e2e.py::TestLNSPStats::test_manager_stats_all_layers PASSED [ 35%]
tests/protocol/test_lnsp_e2e.py::TestLNSPStats::test_manager_stats_with_components PASSED [ 35%]
tests/protocol/test_lnsp_e2e.py::TestLNSPStats::test_manager_stats_with_subscriptions PASSED [ 35%]
tests/protocol/test_lnsp_e2e.py::TestIntegrationScenarios::test_lnsp_complete_cycle_with_all_components PASSED [ 35%]
tests/protocol/test_lnsp_e2e.py::TestIntegrationScenarios::test_lnsp_multi_sensor_pipeline PASSED [ 35%]
tests/protocol/test_lnsp_e2e.py::TestIntegrationScenarios::test_lnsp_stats_reflect_pipeline_state PASSED [ 35%]
tests/protocol/test_lnsp_event_bus_integration.py::test_governance_lnsp_startup PASSED [ 35%]
tests/protocol/test_lnsp_event_bus_integration.py::test_governance_verdicts_through_pipeline PASSED [ 36%]
tests/protocol/test_lnsp_governance_e2e.py::test_full_governance_cycle PASSED [ 36%]
tests/protocol/test_lnsp_governance_e2e.py::test_multiple_proposals_parallel PASSED [ 36%]
tests/protocol/test_lnsp_governance_e2e.py::test_learning_improves_verdicts PASSED [ 36%]
tests/protocol/test_lnsp_governance_events.py::test_governance_proposal_payload PASSED [ 36%]
tests/protocol/test_lnsp_governance_events.py::test_governance_vote_payload PASSED [ 36%]
tests/protocol/test_lnsp_governance_events.py::test_governance_execution_payload PASSED [ 36%]
tests/protocol/test_lnsp_governance_events.py::test_governance_outcome_payload PASSED [ 36%]
tests/protocol/test_lnsp_governance_handlers.py::test_handler_convert_bark_verdict PASSED [ 36%]
tests/protocol/test_lnsp_governance_handlers.py::test_handler_convert_wag_verdict PASSED [ 36%]
tests/protocol/test_lnsp_governance_handlers.py::test_handler_convert_growl_verdict PASSED [ 36%]
tests/protocol/test_lnsp_governance_handlers.py::test_handler_convert_howl_verdict PASSED [ 37%]
tests/protocol/test_lnsp_governance_integration.py::test_governance_lnsp_initialization PASSED [ 37%]
tests/protocol/test_lnsp_governance_integration.py::test_governance_lnsp_setup PASSED [ 37%]
tests/protocol/test_lnsp_governance_integration.py::test_governance_lnsp_process_proposal PASSED [ 37%]
tests/protocol/test_lnsp_governance_sensors.py::test_proposal_sensor_observe PASSED [ 37%]
tests/protocol/test_lnsp_governance_sensors.py::test_vote_sensor_observe PASSED [ 37%]
tests/protocol/test_lnsp_governance_sensors.py::test_execution_sensor_observe PASSED [ 37%]
tests/protocol/test_lnsp_governance_sensors.py::test_outcome_sensor_observe PASSED [ 37%]
tests/protocol/test_lnsp_governance_sensors.py::test_sensors_return_none_when_empty PASSED [ 37%]
tests/protocol/test_lnsp_judge_communication.py::TestJudgeConnection::test_judge_connection_creation PASSED [ 37%]
tests/protocol/test_lnsp_judge_communication.py::TestJudgeConnection::test_judge_connection_connect PASSED [ 37%]
tests/protocol/test_lnsp_judge_communication.py::TestJudgeConnection::test_judge_connection_send_verdict PASSED [ 37%]
tests/protocol/test_lnsp_judge_communication.py::TestJudgeConnection::test_judge_connection_backpressure PASSED [ 38%]
tests/protocol/test_lnsp_judge_communication.py::TestJudgeConnection::test_judge_connection_send_batch PASSED [ 38%]
tests/protocol/test_lnsp_judge_communication.py::TestJudgeConnection::test_judge_connection_close PASSED [ 38%]
tests/protocol/test_lnsp_judge_communication.py::TestCentralJudgeCreation::test_central_judge_creation PASSED [ 38%]
tests/protocol/test_lnsp_judge_communication.py::TestCentralJudgeCreation::test_central_judge_with_custom_params PASSED [ 38%]
tests/protocol/test_lnsp_judge_communication.py::TestCentralJudgeCreation::test_central_judge_default_judge PASSED [ 38%]
tests/protocol/test_lnsp_judge_communication.py::TestInstanceRegistration::test_register_instance PASSED [ 38%]
tests/protocol/test_lnsp_judge_communication.py::TestInstanceRegistration::test_register_multiple_instances PASSED [ 38%]
tests/protocol/test_lnsp_judge_communication.py::TestInstanceRegistration::test_register_duplicate_instance_raises PASSED [ 38%]
tests/protocol/test_lnsp_judge_communication.py::TestInstanceRegistration::test_unregister_instance PASSED [ 38%]
tests/protocol/test_lnsp_judge_communication.py::TestInstanceRegistration::test_unregister_nonexistent_instance_raises PASSED [ 38%]
tests/protocol/test_lnsp_judge_communication.py::TestVerdictRouting::test_route_verdict_to_instance PASSED [ 39%]
tests/protocol/test_lnsp_judge_communication.py::TestVerdictRouting::test_route_verdict_broadcast PASSED [ 39%]
tests/protocol/test_lnsp_judge_communication.py::TestVerdictRouting::test_route_verdict_by_target PASSED [ 39%]
tests/protocol/test_lnsp_judge_communication.py::TestVerdictBatching::test_batch_verdicts_on_size PASSED [ 39%]
tests/protocol/test_lnsp_judge_communication.py::TestVerdictBatching::test_batch_verdicts_on_timeout PASSED [ 39%]
tests/protocol/test_lnsp_judge_communication.py::TestVerdictBatching::test_partial_batch_on_timeout PASSED [ 39%]
tests/protocol/test_lnsp_judge_communication.py::TestBackpressure::test_backpressure_queue_full PASSED [ 39%]
tests/protocol/test_lnsp_judge_communication.py::TestBackpressure::test_queue_tracking PASSED [ 39%]
tests/protocol/test_lnsp_judge_communication.py::TestAggregationToVerdictFlow::test_aggregation_to_verdict_flow PASSED [ 39%]
tests/protocol/test_lnsp_judge_communication.py::TestAggregationToVerdictFlow::test_judge_connection_state PASSED [ 39%]
tests/protocol/test_lnsp_judge_communication.py::TestSubscribers::test_subscribe_to_verdicts PASSED [ 39%]
tests/protocol/test_lnsp_judge_communication.py::TestSubscribers::test_multiple_subscribers PASSED [ 40%]
tests/protocol/test_lnsp_judge_communication.py::TestJudgeCommunicationStats::test_stats_empty_judge PASSED [ 40%]
tests/protocol/test_lnsp_judge_communication.py::TestJudgeCommunicationStats::test_stats_with_instances PASSED [ 40%]
tests/protocol/test_lnsp_judge_communication.py::TestJudgeCommunicationStats::test_stats_verdict_tracking PASSED [ 40%]
tests/protocol/test_lnsp_judge_communication.py::TestJudgeCommunicationStats::test_stats_all_fields PASSED [ 40%]
tests/protocol/test_lnsp_layer1.py::TestRingbuffer::test_ringbuffer_creation PASSED [ 40%]
tests/protocol/test_lnsp_layer1.py::TestRingbuffer::test_ringbuffer_put_single_item PASSED [ 40%]
tests/protocol/test_lnsp_layer1.py::TestRingbuffer::test_ringbuffer_put_fill_to_capacity PASSED [ 40%]
tests/protocol/test_lnsp_layer1.py::TestRingbuffer::test_ringbuffer_get_removes_oldest PASSED [ 40%]
tests/protocol/test_lnsp_layer1.py::TestRingbuffer::test_ringbuffer_peek_doesnt_remove PASSED [ 40%]
tests/protocol/test_lnsp_layer1.py::TestRingbuffer::test_ringbuffer_get_empty_returns_none PASSED [ 40%]
tests/protocol/test_lnsp_layer1.py::TestRingbuffer::test_ringbuffer_peek_empty_returns_none PASSED [ 40%]
tests/protocol/test_lnsp_layer1.py::TestRingbuffer::test_ringbuffer_overflow_drops_oldest PASSED [ 41%]
tests/protocol/test_lnsp_layer1.py::TestRingbuffer::test_ringbuffer_multiple_overflows PASSED [ 41%]
tests/protocol/test_lnsp_layer1.py::TestRingbuffer::test_ringbuffer_drain_empties_all PASSED [ 41%]
tests/protocol/test_lnsp_layer1.py::TestRingbuffer::test_ringbuffer_drain_empty_returns_empty_list PASSED [ 41%]
tests/protocol/test_lnsp_layer1.py::TestRingbuffer::test_ringbuffer_generic_with_complex_types PASSED [ 41%]
tests/protocol/test_lnsp_layer1.py::TestSensorInterface::test_sensor_has_sensor_id PASSED [ 41%]
tests/protocol/test_lnsp_layer1.py::TestSensorInterface::test_sensor_default_instance_id PASSED [ 41%]
tests/protocol/test_lnsp_layer1.py::TestSensorInterface::test_sensor_custom_instance_id PASSED [ 41%]
tests/protocol/test_lnsp_layer1.py::TestSensorInterface::test_sensor_observe_returns_none_when_exhausted PASSED [ 41%]
tests/protocol/test_lnsp_layer1.py::TestSensorInterface::test_mock_sensor_returns_observations PASSED [ 41%]
tests/protocol/test_lnsp_layer1.py::TestLayer1SensorRegistration::test_layer1_creation PASSED [ 41%]
tests/protocol/test_lnsp_layer1.py::TestLayer1SensorRegistration::test_layer1_register_single_sensor PASSED [ 42%]
tests/protocol/test_lnsp_layer1.py::TestLayer1SensorRegistration::test_layer1_register_multiple_sensors PASSED [ 42%]
tests/protocol/test_lnsp_layer1.py::TestLayer1SensorRegistration::test_layer1_register_overwrites_same_id PASSED [ 42%]
tests/protocol/test_lnsp_layer1.py::TestLayer1Observation::test_layer1_observe_single_sensor PASSED [ 42%]
tests/protocol/test_lnsp_layer1.py::TestLayer1Observation::test_layer1_observe_multiple_sensors PASSED [ 42%]
tests/protocol/test_lnsp_layer1.py::TestLayer1Observation::test_layer1_observe_ignores_none_results PASSED [ 42%]
tests/protocol/test_lnsp_layer1.py::TestLayer1Observation::test_layer1_observe_preserves_order PASSED [ 42%]
tests/protocol/test_lnsp_layer1.py::TestLayer1Observation::test_layer1_peek_without_removing PASSED [ 42%]
tests/protocol/test_lnsp_layer1.py::TestLayer1Observation::test_layer1_get_removes_observation PASSED [ 42%]
tests/protocol/test_lnsp_layer1.py::TestLayer1Subscription::test_layer1_subscribe_callback PASSED [ 42%]
tests/protocol/test_lnsp_layer1.py::TestLayer1Subscription::test_layer1_subscribe_multiple_callbacks PASSED [ 42%]
tests/protocol/test_lnsp_layer1.py::TestLayer1Subscription::test_layer1_observe_calls_subscribers PASSED [ 43%]
tests/protocol/test_lnsp_layer1.py::TestLayer1Subscription::test_layer1_observe_calls_all_subscribers PASSED [ 43%]
tests/protocol/test_lnsp_layer1.py::TestLayer1Subscription::test_layer1_subscribers_ignore_none_observations PASSED [ 43%]
tests/protocol/test_lnsp_layer1.py::TestLayer1Overflow::test_layer1_ringbuffer_capacity PASSED [ 43%]
tests/protocol/test_lnsp_layer1.py::TestLayer1Overflow::test_layer1_overflow_drops_oldest PASSED [ 43%]
tests/protocol/test_lnsp_layer1.py::TestLayer1Overflow::test_layer1_data_still_accessible_after_overflow PASSED [ 43%]
tests/protocol/test_lnsp_layer1.py::TestLayer1Stats::test_layer1_stats_empty PASSED [ 43%]
tests/protocol/test_lnsp_layer1.py::TestLayer1Stats::test_layer1_stats_with_data PASSED [ 43%]
tests/protocol/test_lnsp_layer1.py::TestLayer1Stats::test_layer1_stats_capacity_custom PASSED [ 43%]
tests/protocol/test_lnsp_layer1.py::TestLayer1Stats::test_layer1_stats_is_full PASSED [ 43%]
tests/protocol/test_lnsp_layer2.py::TestTemporalWindow::test_temporal_window_creation PASSED [ 43%]
tests/protocol/test_lnsp_layer2.py::TestTemporalWindow::test_temporal_window_add_single_observation PASSED [ 44%]
tests/protocol/test_lnsp_layer2.py::TestTemporalWindow::test_temporal_window_add_multiple_observations PASSED [ 44%]
tests/protocol/test_lnsp_layer2.py::TestTemporalWindow::test_temporal_window_add_expires_old_observations PASSED [ 44%]
tests/protocol/test_lnsp_layer2.py::TestTemporalWindow::test_temporal_window_should_aggregate_initially_false PASSED [ 44%]
tests/protocol/test_lnsp_layer2.py::TestTemporalWindow::test_temporal_window_should_aggregate_after_interval PASSED [ 44%]
tests/protocol/test_lnsp_layer2.py::TestTemporalWindow::test_temporal_window_should_aggregate_checks_interval PASSED [ 44%]
tests/protocol/test_lnsp_layer2.py::TestTemporalWindow::test_temporal_window_reset_updates_aggregation_time PASSED [ 44%]
tests/protocol/test_lnsp_layer2.py::TestTemporalWindow::test_temporal_window_reset_allows_next_aggregation PASSED [ 44%]
tests/protocol/test_lnsp_layer2.py::TestAggregatorInterface::test_aggregator_has_aggregator_id PASSED [ 44%]
tests/protocol/test_lnsp_layer2.py::TestAggregatorInterface::test_counting_aggregator_counts_observations PASSED [ 44%]
tests/protocol/test_lnsp_layer2.py::TestAggregatorInterface::test_aggregator_returns_none_for_empty_list PASSED [ 44%]
tests/protocol/test_lnsp_layer2.py::TestAggregatorInterface::test_sum_aggregator_sums_values PASSED [ 44%]
tests/protocol/test_lnsp_layer2.py::TestAggregatorInterface::test_empty_aggregator_always_returns_none PASSED [ 45%]
tests/protocol/test_lnsp_layer2.py::TestLayer2Registration::test_layer2_creation PASSED [ 45%]
tests/protocol/test_lnsp_layer2.py::TestLayer2Registration::test_layer2_register_single_aggregator PASSED [ 45%]
tests/protocol/test_lnsp_layer2.py::TestLayer2Registration::test_layer2_register_multiple_aggregators PASSED [ 45%]
tests/protocol/test_lnsp_layer2.py::TestLayer2Registration::test_layer2_register_multiple_window_sizes PASSED [ 45%]
tests/protocol/test_lnsp_layer2.py::TestLayer2Subscription::test_layer2_subscribe_callback PASSED [ 45%]
tests/protocol/test_lnsp_layer2.py::TestLayer2Subscription::test_layer2_subscribe_multiple_callbacks PASSED [ 45%]
tests/protocol/test_lnsp_layer2.py::TestLayer2ProcessObservation::test_layer2_process_observation_single_aggregator PASSED [ 45%]
tests/protocol/test_lnsp_layer2.py::TestLayer2ProcessObservation::test_layer2_process_observation_multiple_aggregators PASSED [ 45%]
tests/protocol/test_lnsp_layer2.py::TestLayer2ProcessObservation::test_layer2_process_observation_multiple_windows PASSED [ 45%]
tests/protocol/test_lnsp_layer2.py::TestLayer2ProcessObservation::test_layer2_process_multiple_observations PASSED [ 45%]
tests/protocol/test_lnsp_layer2.py::TestLayer2Aggregation::test_layer2_aggregate_calls_aggregator PASSED [ 46%]
tests/protocol/test_lnsp_layer2.py::TestLayer2Aggregation::test_layer2_aggregate_calls_subscribers PASSED [ 46%]
tests/protocol/test_lnsp_layer2.py::TestLayer2Aggregation::test_layer2_aggregate_respects_should_aggregate PASSED [ 46%]
tests/protocol/test_lnsp_layer2.py::TestLayer2Aggregation::test_layer2_aggregate_ignores_none_results PASSED [ 46%]
tests/protocol/test_lnsp_layer2.py::TestLayer2Aggregation::test_layer2_aggregate_resets_window PASSED [ 46%]
tests/protocol/test_lnsp_layer2.py::TestLayer2Aggregation::test_layer2_aggregate_multiple_aggregators PASSED [ 46%]
tests/protocol/test_lnsp_layer2.py::TestLayer2Stats::test_layer2_stats_empty PASSED [ 46%]
tests/protocol/test_lnsp_layer2.py::TestLayer2Stats::test_layer2_stats_with_observations PASSED [ 46%]
tests/protocol/test_lnsp_layer2.py::TestLayer2Stats::test_layer2_stats_with_subscribers PASSED [ 46%]
tests/protocol/test_lnsp_layer2.py::TestLayer2Stats::test_layer2_stats_multiple_aggregators PASSED [ 46%]
tests/protocol/test_lnsp_layer2.py::TestLayer2Integration::test_full_workflow PASSED [ 46%]
tests/protocol/test_lnsp_layer2.py::TestLayer2Integration::test_multiple_aggregation_cycles PASSED [ 47%]
tests/protocol/test_lnsp_layer3.py::TestFidelityEvaluator::test_fidelity_empty_state PASSED [ 47%]
tests/protocol/test_lnsp_layer3.py::TestFidelityEvaluator::test_fidelity_all_in_range PASSED [ 47%]
tests/protocol/test_lnsp_layer3.py::TestFidelityEvaluator::test_fidelity_all_out_of_range PASSED [ 47%]
tests/protocol/test_lnsp_layer3.py::TestFidelityEvaluator::test_fidelity_partial_in_range PASSED [ 47%]
tests/protocol/test_lnsp_layer3.py::TestFidelityEvaluator::test_fidelity_no_numeric_values PASSED [ 47%]
tests/protocol/test_lnsp_layer3.py::TestFidelityEvaluator::test_fidelity_axiom_name PASSED [ 47%]
tests/protocol/test_lnsp_layer3.py::TestPhiEvaluator::test_phi_empty_state PASSED [ 47%]
tests/protocol/test_lnsp_layer3.py::TestPhiEvaluator::test_phi_single_value PASSED [ 47%]
tests/protocol/test_lnsp_layer3.py::TestPhiEvaluator::test_phi_two_values_golden_ratio PASSED [ 47%]
tests/protocol/test_lnsp_layer3.py::TestPhiEvaluator::test_phi_two_values_not_golden PASSED [ 47%]
tests/protocol/test_lnsp_layer3.py::TestPhiEvaluator::test_phi_axiom_name PASSED [ 48%]
tests/protocol/test_lnsp_layer3.py::TestVerifyEvaluator::test_verify_empty_state PASSED [ 48%]
tests/protocol/test_lnsp_layer3.py::TestVerifyEvaluator::test_verify_single_key PASSED [ 48%]
tests/protocol/test_lnsp_layer3.py::TestVerifyEvaluator::test_verify_two_keys PASSED [ 48%]
tests/protocol/test_lnsp_layer3.py::TestVerifyEvaluator::test_verify_three_or_more_keys PASSED [ 48%]
tests/protocol/test_lnsp_layer3.py::TestVerifyEvaluator::test_verify_axiom_name PASSED [ 48%]
tests/protocol/test_lnsp_layer3.py::TestCultureEvaluator::test_culture_empty_state PASSED [ 48%]
tests/protocol/test_lnsp_layer3.py::TestCultureEvaluator::test_culture_no_expected_keys PASSED [ 48%]
tests/protocol/test_lnsp_layer3.py::TestCultureEvaluator::test_culture_one_expected_key PASSED [ 48%]
tests/protocol/test_lnsp_layer3.py::TestCultureEvaluator::test_culture_all_expected_keys PASSED [ 48%]
tests/protocol/test_lnsp_layer3.py::TestCultureEvaluator::test_culture_axiom_name PASSED [ 48%]
tests/protocol/test_lnsp_layer3.py::TestBurnEvaluator::test_burn_empty_state PASSED [ 48%]
tests/protocol/test_lnsp_layer3.py::TestBurnEvaluator::test_burn_no_waste PASSED [ 49%]
tests/protocol/test_lnsp_layer3.py::TestBurnEvaluator::test_burn_low_waste PASSED [ 49%]
tests/protocol/test_lnsp_layer3.py::TestBurnEvaluator::test_burn_high_waste PASSED [ 49%]
tests/protocol/test_lnsp_layer3.py::TestBurnEvaluator::test_burn_full_waste PASSED [ 49%]
tests/protocol/test_lnsp_layer3.py::TestBurnEvaluator::test_burn_axiom_name PASSED [ 49%]
tests/protocol/test_lnsp_layer3.py::TestLayer3Setup::test_layer3_creation PASSED [ 49%]
tests/protocol/test_lnsp_layer3.py::TestLayer3Setup::test_layer3_register_axiom PASSED [ 49%]
tests/protocol/test_lnsp_layer3.py::TestLayer3Setup::test_layer3_register_multiple_axioms PASSED [ 49%]
tests/protocol/test_lnsp_layer3.py::TestLayer3Judge::test_judge_ignores_non_layer2 PASSED [ 49%]
tests/protocol/test_lnsp_layer3.py::TestLayer3Judge::test_judge_computes_axiom_scores PASSED [ 49%]
tests/protocol/test_lnsp_layer3.py::TestLayer3Judge::test_judge_computes_q_score PASSED [ 49%]
tests/protocol/test_lnsp_layer3.py::TestLayer3Judge::test_judge_confidence_is_phi PASSED [ 50%]
tests/protocol/test_lnsp_layer3.py::TestLayer3Judge::test_judge_emits_to_subscribers PASSED [ 50%]
tests/protocol/test_lnsp_layer3.py::TestLayer3Judge::test_judge_returns_judgment_message PASSED [ 50%]
tests/protocol/test_lnsp_layer3.py::TestVerdictMapping::test_verdict_howl_low_score PASSED [ 50%]
tests/protocol/test_lnsp_layer3.py::TestVerdictMapping::test_verdict_growl_caution PASSED [ 50%]
tests/protocol/test_lnsp_layer3.py::TestVerdictMapping::test_verdict_wag_healthy PASSED [ 50%]
tests/protocol/test_lnsp_layer3.py::TestVerdictMapping::test_verdict_bark_excellent PASSED [ 50%]
tests/protocol/test_lnsp_layer3.py::TestRoutingRules::test_routing_rule_creation PASSED [ 50%]
tests/protocol/test_lnsp_layer3.py::TestRoutingRules::test_routing_rule_verdict_filter PASSED [ 50%]
tests/protocol/test_lnsp_layer3.py::TestRoutingRules::test_routing_rule_agent_filter PASSED [ 50%]
tests/protocol/test_lnsp_layer3.py::TestRoutingRules::test_judge_get_rules_for_agent PASSED [ 50%]
tests/protocol/test_lnsp_layer3.py::TestLayer3Stats::test_stats_empty_judge PASSED [ 51%]
tests/protocol/test_lnsp_layer3.py::TestLayer3Stats::test_stats_with_axioms PASSED [ 51%]
tests/protocol/test_lnsp_layer3.py::TestLayer3Stats::test_stats_with_rules_and_subscribers PASSED [ 51%]
tests/protocol/test_lnsp_layer3.py::TestLayer3Integration::test_full_judgment_pipeline PASSED [ 51%]
tests/protocol/test_lnsp_layer3.py::TestLayer3Integration::test_multiple_judgments PASSED [ 51%]
tests/protocol/test_lnsp_layer4.py::TestHandlerInterface::test_handler_creation PASSED [ 51%]
tests/protocol/test_lnsp_layer4.py::TestHandlerInterface::test_handler_execution_returns_tuple PASSED [ 51%]
tests/protocol/test_lnsp_layer4.py::TestHandlerInterface::test_handler_id_storage PASSED [ 51%]
tests/protocol/test_lnsp_layer4.py::TestLayer4Registration::test_register_single_handler PASSED [ 51%]
tests/protocol/test_lnsp_layer4.py::TestLayer4Registration::test_register_multiple_handlers PASSED [ 51%]
tests/protocol/test_lnsp_layer4.py::TestLayer4Execution::test_execute_verdict_through_handler PASSED [ 51%]
tests/protocol/test_lnsp_layer4.py::TestLayer4Execution::test_handler_receives_correct_verdict PASSED [ 51%]
tests/protocol/test_lnsp_layer4.py::TestLayer4Execution::test_handler_return_value_captured PASSED [ 52%]
tests/protocol/test_lnsp_layer4.py::TestLayer4Execution::test_handler_failure_handling PASSED [ 52%]
tests/protocol/test_lnsp_layer4.py::TestLayer4Execution::test_non_layer3_messages_ignored PASSED [ 52%]
tests/protocol/test_lnsp_layer4.py::TestLayer4Feedback::test_feedback_message_generation PASSED [ 52%]
tests/protocol/test_lnsp_layer4.py::TestLayer4Feedback::test_feedback_tagged_with_closes_action_id PASSED [ 52%]
tests/protocol/test_lnsp_layer4.py::TestLayer4Feedback::test_callback_called_with_feedback PASSED [ 52%]
tests/protocol/test_lnsp_layer4.py::TestLayer4Feedback::test_multiple_callbacks_notified PASSED [ 52%]
tests/protocol/test_lnsp_layer4.py::TestLayer4TargetRouting::test_verdict_routed_to_correct_handler PASSED [ 52%]
tests/protocol/test_lnsp_layer4.py::TestLayer4TargetRouting::test_multiple_handlers_receive_verdicts_for_their_targets PASSED [ 52%]
tests/protocol/test_lnsp_layer4.py::TestLayer4Stats::test_stats_returns_correct_counts PASSED [ 52%]
tests/protocol/test_lnsp_layer4.py::TestLayer4Integration::test_handler_exception_converted_to_failure PASSED [ 52%]
tests/protocol/test_lnsp_layer4.py::TestLayer4Integration::test_no_matching_handler_returns_failure PASSED [ 53%]
tests/protocol/test_lnsp_layer4.py::TestLayer4Integration::test_feedback_preserves_instance_id PASSED [ 53%]
tests/protocol/test_lnsp_layer4.py::TestLayer4Integration::test_feedback_preserves_region PASSED [ 53%]
tests/protocol/test_lnsp_learning_loop.py::test_feedback_loop_on_execution PASSED [ 53%]
tests/protocol/test_lnsp_learning_loop.py::test_outcome_feedback_processing PASSED [ 53%]
tests/protocol/test_lnsp_messages.py::TestLayerEnum::test_layer_values PASSED [ 53%]
tests/protocol/test_lnsp_messages.py::TestLayerEnum::test_layer_names PASSED [ 53%]
tests/protocol/test_lnsp_messages.py::TestLayerEnum::test_layer_str_representation PASSED [ 53%]
tests/protocol/test_lnsp_messages.py::TestLayerEnum::test_layer_repr PASSED [ 53%]
tests/protocol/test_lnsp_messages.py::TestVerdictTypeEnum::test_verdict_values PASSED [ 53%]
tests/protocol/test_lnsp_messages.py::TestVerdictTypeEnum::test_verdict_str PASSED [ 53%]
tests/protocol/test_lnsp_messages.py::TestObservationTypeEnum::test_observation_types_exist PASSED [ 54%]
tests/protocol/test_lnsp_messages.py::TestObservationTypeEnum::test_observation_type_str PASSED [ 54%]
tests/protocol/test_lnsp_messages.py::TestAggregationTypeEnum::test_aggregation_types_exist PASSED [ 54%]
tests/protocol/test_lnsp_messages.py::TestAggregationTypeEnum::test_aggregation_type_str PASSED [ 54%]
tests/protocol/test_lnsp_messages.py::TestJudgmentTypeEnum::test_judgment_types_exist PASSED [ 54%]
tests/protocol/test_lnsp_messages.py::TestJudgmentTypeEnum::test_judgment_type_str PASSED [ 54%]
tests/protocol/test_lnsp_messages.py::TestActionTypeEnum::test_action_types_exist PASSED [ 54%]
tests/protocol/test_lnsp_messages.py::TestActionTypeEnum::test_action_type_str PASSED [ 54%]
tests/protocol/test_lnsp_messages.py::TestMessageHeader::test_header_creation_minimal PASSED [ 54%]
tests/protocol/test_lnsp_messages.py::TestMessageHeader::test_header_creation_full PASSED [ 54%]
tests/protocol/test_lnsp_messages.py::TestMessageHeader::test_header_to_dict PASSED [ 54%]
tests/protocol/test_lnsp_messages.py::TestMetadata::test_metadata_creation_minimal PASSED [ 55%]
tests/protocol/test_lnsp_messages.py::TestMetadata::test_metadata_creation_full PASSED [ 55%]
tests/protocol/test_lnsp_messages.py::TestMetadata::test_metadata_to_dict PASSED [ 55%]
tests/protocol/test_lnsp_messages.py::TestLNSPMessage::test_message_creation PASSED [ 55%]
tests/protocol/test_lnsp_messages.py::TestLNSPMessage::test_message_to_dict PASSED [ 55%]
tests/protocol/test_lnsp_messages.py::TestLNSPMessage::test_message_repr PASSED [ 55%]
tests/protocol/test_lnsp_messages.py::TestMessageIDGeneration::test_generate_message_id_format PASSED [ 55%]
tests/protocol/test_lnsp_messages.py::TestMessageIDGeneration::test_generate_message_id_unique PASSED [ 55%]
tests/protocol/test_lnsp_messages.py::TestTimestampGeneration::test_get_timestamp_is_numeric PASSED [ 55%]
tests/protocol/test_lnsp_messages.py::TestTimestampGeneration::test_get_timestamp_is_current PASSED [ 55%]
tests/protocol/test_lnsp_messages.py::TestCreateRawObservation::test_create_raw_observation_basic PASSED [ 55%]
tests/protocol/test_lnsp_messages.py::TestCreateRawObservation::test_raw_observation_with_target PASSED [ 55%]
tests/protocol/test_lnsp_messages.py::TestCreateRawObservation::test_raw_observation_with_region PASSED [ 56%]
tests/protocol/test_lnsp_messages.py::TestCreateRawObservation::test_raw_observation_route_trace PASSED [ 56%]
tests/protocol/test_lnsp_messages.py::TestCreateRawObservation::test_raw_observation_no_feedback PASSED [ 56%]
tests/protocol/test_lnsp_messages.py::TestCreateRawObservation::test_raw_observation_all_types PASSED [ 56%]
tests/protocol/test_lnsp_messages.py::TestCreateAggregatedState::test_create_aggregated_state_basic PASSED [ 56%]
tests/protocol/test_lnsp_messages.py::TestCreateAggregatedState::test_aggregated_state_with_target PASSED [ 56%]
tests/protocol/test_lnsp_messages.py::TestCreateAggregatedState::test_aggregated_state_route_trace PASSED [ 56%]
tests/protocol/test_lnsp_messages.py::TestCreateAggregatedState::test_aggregated_state_all_types PASSED [ 56%]
tests/protocol/test_lnsp_messages.py::TestCreateJudgment::test_create_judgment_basic PASSED [ 56%]
tests/protocol/test_lnsp_messages.py::TestCreateJudgment::test_judgment_expects_feedback PASSED [ 56%]
tests/protocol/test_lnsp_messages.py::TestCreateJudgment::test_judgment_with_q_score PASSED [ 56%]
tests/protocol/test_lnsp_messages.py::TestCreateJudgment::test_judgment_with_target PASSED [ 57%]
tests/protocol/test_lnsp_messages.py::TestCreateJudgment::test_judgment_all_verdicts PASSED [ 57%]
tests/protocol/test_lnsp_messages.py::TestCreateJudgment::test_judgment_all_types PASSED [ 57%]
tests/protocol/test_lnsp_messages.py::TestCreateAction::test_create_action_basic PASSED [ 57%]
tests/protocol/test_lnsp_messages.py::TestCreateAction::test_action_expects_feedback PASSED [ 57%]
tests/protocol/test_lnsp_messages.py::TestCreateAction::test_action_with_target PASSED [ 57%]
tests/protocol/test_lnsp_messages.py::TestCreateAction::test_action_closes_action_id PASSED [ 57%]
tests/protocol/test_lnsp_messages.py::TestCreateAction::test_action_all_types PASSED [ 57%]
tests/protocol/test_lnsp_messages.py::TestLNSPMessageIntegration::test_message_pipeline_observation_to_action PASSED [ 57%]
tests/protocol/test_lnsp_messages.py::TestLNSPMessageIntegration::test_message_serialization_roundtrip PASSED [ 57%]
tests/protocol/test_lnsp_messages.py::TestLNSPMessageIntegration::test_multiple_messages_have_unique_ids PASSED [ 57%]
tests/protocol/test_lnsp_regional_coordinator.py::TestRegionalCoordinatorCreation::test_coordinator_creation PASSED [ 58%]
tests/protocol/test_lnsp_regional_coordinator.py::TestRegionalCoordinatorCreation::test_coordinator_with_custom_timeouts PASSED [ 58%]
tests/protocol/test_lnsp_regional_coordinator.py::TestInstanceManagement::test_register_instance PASSED [ 58%]
tests/protocol/test_lnsp_regional_coordinator.py::TestInstanceManagement::test_register_multiple_instances PASSED [ 58%]
tests/protocol/test_lnsp_regional_coordinator.py::TestInstanceManagement::test_register_duplicate_instance_raises PASSED [ 58%]
tests/protocol/test_lnsp_regional_coordinator.py::TestInstanceManagement::test_unregister_instance PASSED [ 58%]
tests/protocol/test_lnsp_regional_coordinator.py::TestInstanceManagement::test_unregister_nonexistent_instance_raises PASSED [ 58%]
tests/protocol/test_lnsp_regional_coordinator.py::TestInstanceManagement::test_instance_connection_state PASSED [ 58%]
tests/protocol/test_lnsp_regional_coordinator.py::TestDeduplication::test_deduplication_same_message_id PASSED [ 58%]
tests/protocol/test_lnsp_regional_coordinator.py::TestDeduplication::test_deduplication_different_messages PASSED [ 58%]
tests/protocol/test_lnsp_regional_coordinator.py::TestDeduplication::test_deduplication_window_expiry PASSED [ 58%]
tests/protocol/test_lnsp_regional_coordinator.py::TestDeduplication::test_is_duplicate_check PASSED [ 59%]
tests/protocol/test_lnsp_regional_coordinator.py::TestDeduplication::test_message_cache_cleanup PASSED [ 59%]
tests/protocol/test_lnsp_regional_coordinator.py::TestCorrelation::test_correlation_groups_observations PASSED [ 59%]
tests/protocol/test_lnsp_regional_coordinator.py::TestCorrelation::test_correlation_window_respects_time PASSED [ 59%]
tests/protocol/test_lnsp_regional_coordinator.py::TestHeartbeatMonitoring::test_heartbeat_monitoring PASSED [ 59%]
tests/protocol/test_lnsp_regional_coordinator.py::TestHeartbeatMonitoring::test_instance_marked_unhealthy_on_timeout PASSED [ 59%]
tests/protocol/test_lnsp_regional_coordinator.py::TestHeartbeatMonitoring::test_check_instance_health PASSED [ 59%]
tests/protocol/test_lnsp_regional_coordinator.py::TestHeartbeatMonitoring::test_listen_from_instance PASSED [ 59%]
tests/protocol/test_lnsp_regional_coordinator.py::TestHeartbeatMonitoring::test_listen_from_unregistered_instance_raises PASSED [ 59%]
tests/protocol/test_lnsp_regional_coordinator.py::TestForwarding::test_unique_messages_forwarded_to_subscribers PASSED [ 59%]
tests/protocol/test_lnsp_regional_coordinator.py::TestForwarding::test_duplicates_not_forwarded PASSED [ 59%]
tests/protocol/test_lnsp_regional_coordinator.py::TestForwarding::test_multiple_different_messages_forwarded PASSED [ 59%]
tests/protocol/test_lnsp_regional_coordinator.py::TestStatistics::test_stats_reporting PASSED [ 60%]
tests/protocol/test_lnsp_regional_coordinator.py::TestStatistics::test_stats_with_processed_messages PASSED [ 60%]
tests/protocol/test_lnsp_regional_coordinator.py::TestStatistics::test_stats_unhealthy_instances PASSED [ 60%]
tests/protocol/test_lnsp_regional_coordinator.py::TestInstanceConnection::test_instance_connection_creation PASSED [ 60%]
tests/protocol/test_lnsp_regional_coordinator.py::TestInstanceConnection::test_instance_connection_is_alive PASSED [ 60%]
tests/protocol/test_lnsp_regional_coordinator.py::TestInstanceConnection::test_instance_connection_close PASSED [ 60%]
tests/protocol/test_lnsp_regional_coordinator.py::TestIntegration::test_end_to_end_dedup_and_forward PASSED [ 60%]
tests/protocol/test_lnsp_regional_coordinator.py::TestIntegration::test_multi_instance_with_health_monitoring PASSED [ 60%]
tests/senses/test_sensor_interface.py::test_sensor_interface_contract PASSED [ 60%]
tests/senses/test_sensor_interface.py::test_synthetic_sensor_detection PASSED [ 60%]
tests/senses/test_sensor_interface.py::test_check_available PASSED       [ 60%]
tests/senses/test_sensor_interface.py::test_stats PASSED                 [ 61%]
tests/test_change_analyzer.py::test_analyzer_classifies_kernel_changes PASSED [ 61%]
tests/test_change_analyzer.py::test_analyzer_classifies_api_changes PASSED [ 61%]
tests/test_change_analyzer.py::test_analyzer_classifies_test_changes PASSED [ 61%]
tests/test_change_analyzer.py::test_analyzer_takes_max_impact_across_files PASSED [ 61%]
tests/test_change_analyzer.py::test_analyzer_emits_change_analyzed_event PASSED [ 61%]
tests/test_change_analyzer.py::test_analyzer_ring_buffer_cap PASSED      [ 61%]
tests/test_change_analyzer.py::test_analyzer_stats PASSED                [ 61%]
tests/test_cognitive_resilience.py::test_sovereignty_fallback_logic PASSED [ 61%]
tests/test_cognitive_resilience.py::test_hardware_aware_discovery XFAIL  [ 61%]
tests/test_conscious_state_memory.py::test_judgment_buffer_bounded_at_fibonacci_11 SKIPPED [ 61%]
tests/test_conscious_state_memory.py::test_burn_ordered_pruning SKIPPED  [ 62%]
tests/test_conscious_state_memory.py::test_pending_and_failed_judgments_also_bounded SKIPPED [ 62%]
tests/test_conscious_state_memory.py::test_memory_footprint_reasonable SKIPPED [ 62%]
tests/test_decision_trace.py::test_start_trace PASSED                    [ 62%]
tests/test_decision_trace.py::test_add_node_to_trace PASSED              [ 62%]
tests/test_decision_trace.py::test_dog_votes_captured PASSED             [ 62%]
tests/test_decision_trace.py::test_dag_construction PASSED               [ 62%]
tests/test_decision_trace.py::test_close_trace_with_metrics PASSED       [ 62%]
tests/test_decision_trace.py::test_recent_traces PASSED                  [ 62%]
tests/test_decision_trace.py::test_get_trace_by_judgment PASSED          [ 62%]
tests/test_decision_trace.py::test_traces_by_verdict PASSED              [ 62%]
tests/test_decision_trace.py::test_traces_by_component PASSED            [ 62%]
tests/test_decision_trace.py::test_rolling_cap_behavior PASSED           [ 63%]
tests/test_decision_trace.py::test_stats_accuracy PASSED                 [ 63%]
tests/test_decision_trace.py::test_depth_calculation PASSED              [ 63%]
tests/test_decision_trace.py::test_branching_factor PASSED               [ 63%]
tests/test_decision_trace.py::test_error_tracking PASSED                 [ 63%]
tests/test_decision_trace.py::test_trace_to_dict PASSED                  [ 63%]
tests/test_decision_trace.py::test_snapshot_preserves_traces PASSED      [ 63%]
tests/test_decision_trace.py::test_clear_tracer PASSED                   [ 63%]
tests/test_decision_trace.py::test_concurrent_trace_creation PASSED      [ 63%]
tests/test_event_bus_integration_clean.py::test_detector_subscribes_to_core_bus PASSED [ 63%]
tests/test_event_bus_integration_clean.py::test_detector_start_idempotent PASSED [ 63%]
tests/test_event_bus_integration_clean.py::test_detector_receives_judgment_created_event PASSED [ 64%]
tests/test_event_bus_integration_clean.py::test_detector_accumulates_judgments PASSED [ 64%]
tests/test_event_bus_integration_clean.py::test_detector_emits_emergence_detected_on_stable_high FAILED [ 64%]
tests/test_event_bus_integration_clean.py::test_detector_anomaly_detected_on_spike FAILED [ 64%]
tests/test_event_bus_integration_clean.py::test_detector_statistics_updated FAILED [ 64%]
tests/test_event_bus_integration_clean.py::test_event_genealogy_prevents_reforward PASSED [ 64%]
tests/test_event_bus_integration_clean.py::test_detector_recognizes_already_seen_genealogy PASSED [ 64%]
tests/test_event_bus_integration_clean.py::test_detector_rising_pattern_detection FAILED [ 64%]
tests/test_event_bus_integration_clean.py::test_detector_unnameable_flag_recorded PASSED [ 64%]
tests/test_event_bus_integration_clean.py::test_detector_resilient_to_malformed_events PASSED [ 64%]
tests/test_event_bus_memory.py::test_event_history_bounded_at_fibonacci_10 PASSED [ 64%]
tests/test_event_bus_memory.py::test_three_buses_total_memory_bounded PASSED [ 65%]
tests/test_event_bus_memory.py::test_event_history_fifo_order PASSED     [ 65%]
[...]
tests/test_phi.py::TestJudgmentThresholds::test_growl_equals_phi_inv_2_percent PASSED [ 91%]
tests/test_phi.py::TestJudgmentThresholds::test_howl_above_82 PASSED     [ 91%]
tests/test_phi.py::TestLearningRates::test_learning_rate_positive PASSED [ 92%]
tests/test_phi.py::TestLearningRates::test_learning_rate_small PASSED    [ 92%]
tests/test_phi.py::TestLearningRates::test_ewc_penalty_phi_inv PASSED    [ 92%]
tests/test_phi.py::TestPhiBound::test_bound_basic PASSED                 [ 92%]
tests/test_phi.py::TestPhiBound::test_bound_default_max PASSED           [ 92%]
tests/test_phi.py::TestPhiBound::test_bound_confidence PASSED            [ 92%]
tests/test_phi.py::TestPhiBoundScore::test_score_clamp PASSED            [ 92%]
tests/test_phi.py::TestPhiBoundScore::test_score_bounds PASSED           [ 92%]
tests/test_phi.py::TestPhiClassify::test_exceptional PASSED              [ 92%]
tests/test_phi.py::TestPhiClassify::test_good PASSED                     [ 92%]
tests/test_phi.py::TestPhiClassify::test_moderate PASSED                 [ 92%]
tests/test_phi.py::TestPhiClassify::test_poor PASSED                     [ 92%]
tests/test_phi.py::TestPhiClassify::test_critical PASSED                 [ 93%]
tests/test_phi.py::TestGeometricMean::test_geometric_mean_basic PASSED   [ 93%]
tests/test_phi.py::TestGeometricMean::test_geometric_mean_zeros PASSED   [ 93%]
tests/test_phi.py::TestGeometricMean::test_geometric_mean_empty PASSED   [ 93%]
tests/test_phi.py::TestGeometricMean::test_weighted_geometric_mean PASSED [ 93%]
tests/test_phi.py::TestGeometricMean::test_weighted_geometric_mean_weights PASSED [ 93%]
tests/test_phi.py::TestPhiRatioSplit::test_split_sum PASSED              [ 93%]
tests/test_phi.py::TestPhiRatioSplit::test_split_ratio PASSED            [ 93%]
tests/test_phi.py::TestUCB::test_phi_ucb_zero_visits PASSED              [ 93%]
tests/test_phi.py::TestUCB::test_phi_ucb_normal PASSED                   [ 93%]
tests/test_phi.py::TestUCB::test_temporal_ucb_zero_visits PASSED         [ 93%]
tests/test_phi.py::TestUCB::test_temporal_ucb_depth_decay PASSED         [ 94%]
tests/test_phi.py::TestEScoreWeights::test_all_weights_positive PASSED   [ 94%]
tests/test_phi.py::TestEScoreWeights::test_burn_highest PASSED           [ 94%]
tests/test_phi.py::TestEScoreWeights::test_total_weight PASSED           [ 94%]
tests/test_phi.py::TestValidation::test_validation_runs PASSED           [ 94%]
tests/test_phi.py::TestPrecomputedSequences::test_fibonacci_length PASSED [ 94%]
tests/test_phi.py::TestPrecomputedSequences::test_lucas_length PASSED    [ 94%]
tests/test_service_registry.py::TestServiceStateRegistry::test_changed_since_detects_updates PASSED [ 94%]
tests/test_service_registry.py::TestServiceStateRegistry::test_changed_since_empty PASSED [ 94%]
tests/test_service_registry.py::TestServiceStateRegistry::test_component_snapshot_round_trip PASSED [ 94%]
tests/test_service_registry.py::TestServiceStateRegistry::test_concurrent_operations FAILED [ 94%]
tests/test_service_registry.py::TestServiceStateRegistry::test_failed_status_not_auto_stalled PASSED [ 95%]
tests/test_service_registry.py::TestServiceStateRegistry::test_judgment_log_combined_filters PASSED [ 95%]
tests/test_service_registry.py::TestServiceStateRegistry::test_judgment_log_filter_by_component PASSED [ 95%]
tests/test_service_registry.py::TestServiceStateRegistry::test_judgment_log_filter_by_timestamp PASSED [ 95%]
tests/test_service_registry.py::TestServiceStateRegistry::test_judgment_log_filter_by_verdict PASSED [ 95%]
tests/test_service_registry.py::TestServiceStateRegistry::test_judgment_log_rolling_cap FAILED [ 95%]
tests/test_service_registry.py::TestServiceStateRegistry::test_judgment_updates_timestamp PASSED [ 95%]
tests/test_service_registry.py::TestServiceStateRegistry::test_mark_failed PASSED [ 95%]
tests/test_service_registry.py::TestServiceStateRegistry::test_mark_failed_affects_snapshot PASSED [ 95%]
tests/test_service_registry.py::TestServiceStateRegistry::test_record_judgment PASSED [ 95%]
tests/test_service_registry.py::TestServiceStateRegistry::test_record_judgment_on_unregistered_component PASSED [ 95%]
tests/test_service_registry.py::TestServiceStateRegistry::test_record_metric_on_registered_component PASSED [ 96%]
tests/test_service_registry.py::TestServiceStateRegistry::test_record_metric_on_unregistered_ignored PASSED [ 96%]
tests/test_service_registry.py::TestServiceStateRegistry::test_record_metric_with_status_change PASSED [ 96%]
tests/test_service_registry.py::TestServiceStateRegistry::test_register_component PASSED [ 96%]
tests/test_service_registry.py::TestServiceStateRegistry::test_register_different_types PASSED [ 96%]
tests/test_service_registry.py::TestServiceStateRegistry::test_register_multiple_components PASSED [ 96%]
tests/test_service_registry.py::TestServiceStateRegistry::test_singleton_accessor PASSED [ 96%]
tests/test_service_registry.py::TestServiceStateRegistry::test_singleton_reset PASSED [ 96%]
tests/test_service_registry.py::TestServiceStateRegistry::test_snapshot_health_counts PASSED [ 96%]
tests/test_service_registry.py::TestServiceStateRegistry::test_snapshot_immutable_copy PASSED [ 96%]
tests/test_service_registry.py::TestServiceStateRegistry::test_snapshot_serialization PASSED [ 96%]
tests/test_service_registry.py::TestServiceStateRegistry::test_stalled_detection PASSED [ 96%]
tests/test_track_g_resilience.py::TestJudgmentFailureHandling::test_record_judgment_failed_creates_bark_verdict SKIPPED [ 97%]
tests/test_track_g_resilience.py::TestJudgmentFailureHandling::test_on_judgment_failed_updates_pending_snapshot SKIPPED [ 97%]
tests/test_track_g_resilience.py::TestPollingTimeout::test_timeout_ms_query_parameter_accepted PASSED [ 97%]
tests/test_track_g_resilience.py::TestPollingTimeout::test_get_judgment_returns_bark_verdict_on_failure SKIPPED [ 97%]
tests/test_track_g_resilience.py::TestEventHealthMetrics::test_health_events_response_structure PASSED [ 97%]
tests/test_track_g_resilience.py::TestJudgmentFailedPayload::test_judgment_failed_payload_structure PASSED [ 97%]
tests/test_track_g_resilience.py::TestEventBusResilience::test_judgment_failed_event_type_exists PASSED [ 97%]
tests/test_track_g_resilience.py::TestEventBusResilience::test_conscious_state_subscribes_to_judgment_failed SKIPPED [ 97%]
tests/test_track_g_resilience.py::TestTimeoutMechanism::test_timeout_calculation_formula PASSED [ 97%]
tests/test_track_g_resilience.py::TestTimeoutMechanism::test_elapsed_time_tracking PASSED [ 97%]
tests/test_track_g_resilience.py::TestCircuitBreakerIntegration::test_circuit_breaker_exists PASSED [ 97%]
tests/test_track_g_resilience.py::TestCircuitBreakerIntegration::test_circuit_breaker_allow_when_closed PASSED [ 98%]
tests/test_track_g_resilience.py::TestCircuitBreakerIntegration::test_circuit_breaker_opens_after_failures PASSED [ 98%]
tests/test_track_g_resilience.py::TestCircuitBreakerIntegration::test_circuit_breaker_record_success_resets PASSED [ 98%]
tests/test_track_g_resilience.py::TestCircuitBreakerIntegration::test_judgment_executor_handler_integrates_breaker SKIPPED [ 98%]
tests/test_unified_state.py::TestUnifiedJudgmentImmutability::test_unified_judgment_immutable PASSED [ 98%]
tests/test_unified_state.py::TestJudgmentBufferManagement::test_conscious_state_buffer_management PASSED [ 98%]
tests/test_unified_state.py::TestLearningOutcomeImmutability::test_learning_outcome_immutable PASSED [ 98%]
tests/test_unified_state.py::TestBufferAutoPruning::test_buffer_auto_pruning PASSED [ 98%]
tests/test_unified_state.py::TestOutcomeBufferAutoPruning::test_outcome_buffer_auto_pruning PASSED [ 98%]
tests/test_unified_state.py::TestConsensusScoreCalculation::test_consensus_score_calculation PASSED [ 98%]
tests/test_unified_state.py::TestUnifiedConsciousStateIntegration::test_add_judgment_updates_state PASSED [ 98%]
tests/test_unified_state.py::TestUnifiedConsciousStateIntegration::test_add_outcome_updates_state PASSED [ 99%]
tests/test_unified_state.py::TestUnifiedConsciousStateIntegration::test_unified_conscious_state_multiple_operations PASSED [ 99%]
tests/test_unified_state.py::TestDataclassTypes::test_unified_judgment_fields PASSED [ 99%]
tests/test_unified_state.py::TestDataclassTypes::test_unified_learning_outcome_fields PASSED [ 99%]
tests/test_unified_state.py::TestPhiBoundedConfidence::test_confidence_bounded PASSED [ 99%]
tests/test_unified_state.py::TestUnifiedJudgmentDictImmutability::test_unified_judgment_axiom_scores_immutable PASSED [ 99%]
tests/test_unified_state.py::TestUnifiedJudgmentDictImmutability::test_unified_judgment_dog_votes_immutable PASSED [ 99%]
tests/test_unified_state.py::TestDogAgreementScoresValidation::test_dog_agreement_scores_valid_bounds PASSED [ 99%]
tests/test_unified_state.py::TestDogAgreementScoresValidation::test_dog_agreement_scores_too_high PASSED [ 99%]
tests/test_unified_state.py::TestDogAgreementScoresValidation::test_dog_agreement_scores_too_low PASSED [ 99%]
tests/test_unified_state.py::TestDogAgreementScoresValidation::test_dog_agreement_scores_multiple_invalid PASSED [ 99%]
tests/test_unified_state.py::TestDogAgreementScoresValidation::test_dog_agreement_scores_boundary_values PASSED [100%]

============================== warnings summary ===============================
..\..\..\..\..\Python313\Lib\site-packages\starlette\formparsers.py:12
  C:\Python313\Lib\site-packages\starlette\formparsers.py:12: PendingDeprecationWarning: Please use `import python_multipart` instead.
    import multipart

..\..\..\..\..\Python313\Lib\site-packages\pydantic\_internal\_config.py:295: 2 warnings
tests/test_module_documentation.py: 70 warnings
  C:\Python313\Lib\site-packages\pydantic\_internal\_config.py:295: PydanticDeprecatedSince20: Support for class-based `config` is deprecated, use ConfigDict instead. Deprecated in Pydantic V2.0 to be removed in V3.0. See Pydantic V2 Migration Guide at https://errors.pydantic.dev/2.10/migration/
    warnings.warn(DEPRECATION_MESSAGE, DeprecationWarning)

..\..\..\..\..\Python313\Lib\site-packages\pydantic\_internal\_config.py:345
  C:\Python313\Lib\site-packages\pydantic\_internal\_config.py:345: UserWarning: Valid config keys have changed in V2:
  * 'allow_population_by_field_name' has been renamed to 'populate_by_name'
    warnings.warn(message, UserWarning)

tests/integrations/test_gasdf_integration.py::TestGASdfGovernanceIntegration::test_governance_with_gasdf_executor
tests/integrations/test_gasdf_integration.py::TestGASdfGovernanceIntegration::test_verdict_execution_called_for_approved
  C:\Users\zeyxm\Desktop\asdfasdfa\CYNIC-clean\cynic\kernel\protocol\lnsp\governance_integration.py:58: RuntimeWarning: coroutine 'AsyncMockMixin._execute_mock_call' was never awaited
    self.manager.wire_layers()
  Enable tracemalloc to get traceback where the object was allocated.
  See https://docs.pytest.org/en/stable/how-to/capture-warnings.html#resource-warnings for more info.

tests/test_module_documentation.py::test_all_modules_have_docstrings
  C:\Users\zeyxm\Desktop\asdfasdfa\CYNIC-clean\cynic\interfaces\bots\governance\logic\models.py:11: MovedIn20Warning: The ``declarative_base()`` function is now available as sqlalchemy.orm.declarative_base(). (deprecated since: 2.0) (Background on SQLAlchemy 2.0 at: https://sqlalche.me/e/b8d9)
    Base = declarative_base()

tests/test_track_g_resilience.py::TestPollingTimeout::test_timeout_ms_query_parameter_accepted
  tests\test_track_g_resilience.py:80: PytestWarning: The test <Function test_timeout_ms_query_parameter_accepted> is marked with '@pytest.mark.asyncio' but it is not an async function. Please remove the asyncio mark. If the test is not marked explicitly, check for global marks applied via 'pytestmark'.
    def test_timeout_ms_query_parameter_accepted(self):

tests/test_track_g_resilience.py::TestEventHealthMetrics::test_health_events_response_structure
  tests\test_track_g_resilience.py:137: PytestWarning: The test <Function test_health_events_response_structure> is marked with '@pytest.mark.asyncio' but it is not an async function. Please remove the asyncio mark. If the test is not marked explicitly, check for global marks applied via 'pytestmark'.
    def test_health_events_response_structure(self):

tests/test_track_g_resilience.py::TestJudgmentFailedPayload::test_judgment_failed_payload_structure
  tests\test_track_g_resilience.py:173: PytestWarning: The test <Function test_judgment_failed_payload_structure> is marked with '@pytest.mark.asyncio' but it is not an async function. Please remove the asyncio mark. If the test is not marked explicitly, check for global marks applied via 'pytestmark'.
    def test_judgment_failed_payload_structure(self):

tests/test_track_g_resilience.py::TestCircuitBreakerIntegration::test_circuit_breaker_exists
  tests\test_track_g_resilience.py:250: PytestWarning: The test <Function test_circuit_breaker_exists> is marked with '@pytest.mark.asyncio' but it is not an async function. Please remove the asyncio mark. If the test is not marked explicitly, check for global marks applied via 'pytestmark'.
    def test_circuit_breaker_exists(self):

tests/test_track_g_resilience.py::TestCircuitBreakerIntegration::test_circuit_breaker_allow_when_closed
  tests\test_track_g_resilience.py:258: PytestWarning: The test <Function test_circuit_breaker_allow_when_closed> is marked with '@pytest.mark.asyncio' but it is not an async function. Please remove the asyncio mark. If the test is not marked explicitly, check for global marks applied via 'pytestmark'.
    def test_circuit_breaker_allow_when_closed(self):

tests/test_track_g_resilience.py::TestCircuitBreakerIntegration::test_circuit_breaker_opens_after_failures
  tests\test_track_g_resilience.py:265: PytestWarning: The test <Function test_circuit_breaker_opens_after_failures> is marked with '@pytest.mark.asyncio' but it is not an async function. Please remove the asyncio mark. If the test is not marked explicitly, check for global marks applied via 'pytestmark'.
    def test_circuit_breaker_opens_after_failures(self):

tests/test_track_g_resilience.py::TestCircuitBreakerIntegration::test_circuit_breaker_record_success_resets
  tests\test_track_g_resilience.py:281: PytestWarning: The test <Function test_circuit_breaker_record_success_resets> is marked with '@pytest.mark.asyncio' but it is not an async function. Please remove the asyncio mark. If the test is not marked explicitly, check for global marks applied via 'pytestmark'.
    def test_circuit_breaker_record_success_resets(self):

-- Docs: https://docs.pytest.org/en/stable/how-to/capture-warnings.html
=========================== short test summary info ===========================
FAILED tests/test_event_bus_integration_clean.py::test_detector_emits_emergence_detected_on_stable_high
FAILED tests/test_event_bus_integration_clean.py::test_detector_anomaly_detected_on_spike
FAILED tests/test_event_bus_integration_clean.py::test_detector_statistics_updated
FAILED tests/test_event_bus_integration_clean.py::test_detector_rising_pattern_detection
FAILED tests/test_event_journal.py::test_rolling_cap_behavior - AssertionErro...
FAILED tests/test_integration_bot.py::TestBotCommandIntegration::test_discord_command_timeout
FAILED tests/test_kernel_topology_e2e.py::test_kernel_with_full_topology_system
FAILED tests/test_kernel_topology_e2e.py::test_source_changed_event_flows_to_change_tracker
FAILED tests/test_kernel_topology_e2e.py::test_change_tracker_visibility_integration
FAILED tests/test_kernel_topology_e2e.py::test_topology_system_layers_exist_in_sequence
FAILED tests/test_learning/test_empirical_pipeline.py::test_scenario_a_qtable_convergence
FAILED tests/test_learning/test_empirical_pipeline.py::test_scenario_d_full_empirical_cycle
FAILED tests/test_learning/test_empirical_pipeline.py::test_deterministic_adapter_imports
FAILED tests/test_module_documentation.py::test_all_modules_have_docstrings
FAILED tests/test_near_contract.py::TestNearContract::test_contract_file_exists
FAILED tests/test_near_contract.py::TestNearContract::test_contract_has_required_methods
FAILED tests/test_near_contract.py::TestNearContract::test_cargo_toml_exists
FAILED tests/test_phase1_observability.py::TestMetricsEndpoint::test_metrics_returns_prometheus_format
FAILED tests/test_phase1_observability.py::TestMetricsEndpoint::test_metrics_contains_help_lines
FAILED tests/test_phase1_observability.py::TestMetricsEndpoint::test_metrics_contains_type_lines
FAILED tests/test_phase1_observability.py::TestHealthEndpoint::test_health_has_status_field
FAILED tests/test_phase1_observability.py::TestHealthEndpoint::test_health_has_components
FAILED tests/test_phase1_observability.py::TestVersionEndpoint::test_version_has_required_fields
FAILED tests/test_phase1_observability.py::TestCorrelationIds::test_correlation_id_auto_generated
FAILED tests/test_phase1_observability.py::TestCorrelationIds::test_correlation_id_preserved
FAILED tests/test_phase1_observability.py::TestCorrelationIds::test_correlation_id_unique_across_requests
FAILED tests/test_phase1_observability.py::TestMetricsTracking::test_metrics_contain_request_count
FAILED tests/test_phase3_event_first_api.py::TestEventFirstEndpoints::test_post_judge_emits_judgment_requested
FAILED tests/test_phase3_event_first_api.py::TestEventFirstEndpoints::test_post_perceive_emits_judgment_requested
FAILED tests/test_phase3_event_first_api.py::TestEventFirstEndpoints::test_post_learn_emits_event
FAILED tests/test_phase3_event_first_api.py::TestEventFirstEndpoints::test_post_feedback_returns_ok
FAILED tests/test_phase3_event_first_api.py::TestEventFirstEndpoints::test_get_judge_query_returns_pending_judgment
FAILED tests/test_phase3_event_first_api.py::TestEventFirstEndpoints::test_get_judge_query_returns_completed_judgment
FAILED tests/test_phase3_event_first_api.py::TestEventFirstEndpoints::test_get_perceive_query_returns_completed_perception
FAILED tests/test_phase3_event_first_api.py::TestEventDrivenResponseModels::test_judge_response_has_correct_fields
FAILED tests/test_phase3_event_first_api.py::TestEventDrivenResponseModels::test_perceive_response_has_correct_fields
FAILED tests/test_phase3_event_first_api.py::TestEventEmissionIntegrity::test_judge_event_payload_structure
FAILED tests/test_phase3_event_first_api.py::TestClientPollingPattern::test_client_poll_loop_simulation
FAILED tests/test_phase3_event_first_api.py::TestResponseTimeImprovement::test_post_judge_is_fast
FAILED tests/test_phase3_event_first_api.py::TestResponseTimeImprovement::test_post_perceive_is_fast
FAILED tests/test_phase3_event_first_api.py::TestErrorHandling::test_judge_endpoint_handles_missing_fields
FAILED tests/test_phase3_event_first_api.py::TestErrorHandling::test_query_endpoint_handles_nonexistent_id
FAILED tests/test_phase3_event_first_api.py::TestErrorHandling::test_event_emission_failure_handled
FAILED tests/test_phase3_tier1_end_to_end.py::TestPhase3Tier1EndToEnd::test_judge_full_cycle_reflex_level
FAILED tests/test_phase3_tier1_end_to_end.py::TestPhase3Tier1EndToEnd::test_judge_pending_while_processing
FAILED tests/test_phase3_tier1_end_to_end.py::TestPhase3Tier1EndToEnd::test_perceive_full_cycle
FAILED tests/test_phase3_tier1_end_to_end.py::TestPhase3Tier1EndToEnd::test_multiple_judgments_independent
FAILED tests/test_phase3_tier1_end_to_end.py::TestPhase3ResponseModels::test_judge_response_schema
FAILED tests/test_phase3_tier1_end_to_end.py::TestPhase3ResponseModels::test_perceive_response_schema
FAILED tests/test_service_registry.py::TestServiceStateRegistry::test_concurrent_operations
FAILED tests/test_service_registry.py::TestServiceStateRegistry::test_judgment_log_rolling_cap
ERROR tests/test_phase3_event_first_api.py::TestEventEmissionIntegrity::test_perceive_event_includes_source
= 51 failed, 1058 passed, 17 skipped, 36 deselected, 1 xfailed, 84 warnings, 1 error in 216.45s (0:03:36) =
